Log file open, 03/12/20 14:20:46
LogWindows: Failed to load 'aqProf.dll' (GetLastError=126)
LogWindows: File 'aqProf.dll' does not exist
LogWindows: Failed to load 'VtuneApi.dll' (GetLastError=126)
LogWindows: File 'VtuneApi.dll' does not exist
LogConsoleResponse: Display: Failed to find resolution value strings in scalability ini. Falling back to default.
LogInit: Display: Running engine for game: AISystem1
LogPakFile: Registered encryption key '00000000000000000000000000000000': 0 pak files mounted, 0 remain pending
LogPlatformFile: Not using cached read wrapper
LogTaskGraph: Started task graph with 5 named threads and 26 total threads with 3 sets of task threads.
LogStats: Stats thread started at 0.369038
LogD3D11RHI: Loaded GFSDK_Aftermath_Lib.x64.dll
LogICUInternationalization: ICU TimeZone Detection - Raw Offset: +8:00, Platform Override: ''
LogPluginManager: Mounting plugin Paper2D
LogPluginManager: Mounting plugin AISupport
LogPluginManager: Mounting plugin LightPropagationVolume
LogPluginManager: Mounting plugin ActorLayerUtilities
LogPluginManager: Mounting plugin AnimationSharing
LogPluginManager: Mounting plugin CLionSourceCodeAccess
LogPluginManager: Mounting plugin CodeLiteSourceCodeAccess
LogPluginManager: Mounting plugin GitSourceControl
LogPluginManager: Mounting plugin KDevelopSourceCodeAccess
LogPluginManager: Mounting plugin NullSourceCodeAccess
LogPluginManager: Mounting plugin PerforceSourceControl
LogPluginManager: Mounting plugin SubversionSourceControl
LogPluginManager: Mounting plugin UObjectPlugin
LogPluginManager: Mounting plugin VisualStudioCodeSourceCodeAccess
LogPluginManager: Mounting plugin VisualStudioSourceCodeAccess
LogPluginManager: Mounting plugin XCodeSourceCodeAccess
LogPluginManager: Mounting plugin AssetManagerEditor
LogPluginManager: Mounting plugin CryptoKeys
LogPluginManager: Mounting plugin DataValidation
LogPluginManager: Mounting plugin FacialAnimation
LogPluginManager: Mounting plugin GameplayTagsEditor
LogPluginManager: Mounting plugin MacGraphicsSwitching
LogPluginManager: Mounting plugin MaterialAnalyzer
LogPluginManager: Mounting plugin MobileLauncherProfileWizard
LogPluginManager: Mounting plugin PluginBrowser
LogPluginManager: Mounting plugin SpeedTreeImporter
LogPluginManager: Mounting plugin DatasmithContent
LogPluginManager: Mounting plugin VariantManagerContent
LogPluginManager: Mounting plugin AlembicImporter
LogPluginManager: Mounting plugin AppleImageUtils
LogPluginManager: Mounting plugin AppleVision
LogPluginManager: Mounting plugin BackChannel
LogPluginManager: Mounting plugin CharacterAI
LogPluginManager: Mounting plugin GeometryCache
LogPluginManager: Mounting plugin HTML5Networking
LogPluginManager: Mounting plugin ProxyLODPlugin
LogPluginManager: Mounting plugin SkeletalReduction
LogPluginManager: Mounting plugin MagicLeap
LogPluginManager: Mounting plugin MagicLeapMedia
LogPluginManager: Mounting plugin AndroidMedia
LogPluginManager: Mounting plugin AvfMedia
LogPluginManager: Mounting plugin ImgMedia
LogPluginManager: Mounting plugin LinearTimecode
LogPluginManager: Mounting plugin MediaCompositing
LogPluginManager: Mounting plugin MediaPlayerEditor
LogPluginManager: Mounting plugin WebMMedia
LogPluginManager: Mounting plugin WmfMedia
LogPluginManager: Mounting plugin TcpMessaging
LogPluginManager: Mounting plugin UdpMessaging
LogPluginManager: Mounting plugin ActorSequence
LogPluginManager: Mounting plugin LevelSequenceEditor
LogPluginManager: Mounting plugin MatineeToLevelSequence
LogPluginManager: Mounting plugin NetcodeUnitTest
LogPluginManager: Mounting plugin NUTUnrealEngine4
LogPluginManager: Mounting plugin OnlineSubsystemGooglePlay
LogPluginManager: Mounting plugin OnlineSubsystemIOS
LogPluginManager: Mounting plugin OnlineSubsystem
LogPluginManager: Mounting plugin OnlineSubsystemNull
LogPluginManager: Mounting plugin OnlineSubsystemUtils
LogPluginManager: Mounting plugin LauncherChunkInstaller
LogPluginManager: Mounting plugin AndroidDeviceProfileSelector
LogPluginManager: Mounting plugin AndroidMoviePlayer
LogPluginManager: Mounting plugin AndroidPermission
LogPluginManager: Mounting plugin AppleMoviePlayer
LogPluginManager: Mounting plugin ArchVisCharacter
LogPluginManager: Mounting plugin AudioCapture
LogPluginManager: Mounting plugin CableComponent
LogPluginManager: Mounting plugin CustomMeshComponent
LogPluginManager: Mounting plugin EditableMesh
LogPluginManager: Mounting plugin ExampleDeviceProfileSelector
LogPluginManager: Mounting plugin Firebase
LogPluginManager: Mounting plugin GoogleCloudMessaging
LogPluginManager: Mounting plugin IOSDeviceProfileSelector
LogPluginManager: Mounting plugin LinuxDeviceProfileSelector
LogPluginManager: Mounting plugin LocationServicesBPLibrary
LogPluginManager: Mounting plugin MobilePatchingUtils
LogPluginManager: Mounting plugin OculusVR
LogPluginManager: Mounting plugin PhysXVehicles
LogPluginManager: Mounting plugin ProceduralMeshComponent
LogPluginManager: Mounting plugin RuntimePhysXCooking
LogPluginManager: Mounting plugin SignificanceManager
LogPluginManager: Mounting plugin SteamVR
LogPluginManager: Mounting plugin WebMMoviePlayer
LogPluginManager: Mounting plugin WindowsMoviePlayer
LogInit: Using libcurl 7.55.1-DEV
LogInit:  - built for x86_64-pc-win32
LogInit:  - supports SSL with OpenSSL/1.1.1
LogInit:  - supports HTTP deflate (compression) using libz 1.2.8
LogInit:  - other features:
LogInit:      CURL_VERSION_SSL
LogInit:      CURL_VERSION_LIBZ
LogInit:      CURL_VERSION_IPV6
LogInit:      CURL_VERSION_ASYNCHDNS
LogInit:      CURL_VERSION_LARGEFILE
LogInit:      CURL_VERSION_IDN
LogInit:  CurlRequestOptions (configurable via config and command line):
LogInit:  - bVerifyPeer = true  - Libcurl will verify peer certificate
LogInit:  - bUseHttpProxy = false  - Libcurl will NOT use HTTP proxy
LogInit:  - bDontReuseConnections = false  - Libcurl will reuse connections
LogInit:  - MaxHostConnections = 16  - Libcurl will limit the number of connections to a host
LogInit:  - LocalHostAddr = Default
LogInit:  - BufferSize = 65536
LogInit: WinSock: version 1.1 (2.2), MaxSocks=32767, MaxUdp=65467
LogInit: Build: ++UE4+Release-4.22-CL-7053642
LogInit: Engine Version: 4.22.3-7053642+++UE4+Release-4.22
LogInit: Compatible Engine Version: 4.22.0-5660361+++UE4+Release-4.22
LogInit: Net CL: 5660361
LogInit: OS: Windows 10 (Release 1809) (), CPU: Intel(R) Core(TM) i7-9700KF CPU @ 3.60GHz, GPU: NVIDIA GeForce GTX 1660 Ti
LogInit: Compiled (64-bit): Jun 18 2019 03:09:11
LogInit: Compiled with Visual C++: 19.16.27025.01
LogInit: Build Configuration: DebugGame
LogInit: Branch Name: ++UE4+Release-4.22
LogInit: Command Line:  -skipcompile
LogInit: Base Directory: D:/ProgramFiles/Epic/UE_4.22/Engine/Binaries/Win64/
LogInit: Installed Engine Build: 1
LogDevObjectVersion: Number of dev versions registered: 23
LogDevObjectVersion:   Dev-Blueprints (B0D832E4-1F89-4F0D-ACCF-7EB736FD4AA2): 10
LogDevObjectVersion:   Dev-Build (E1C64328-A22C-4D53-A36C-8E866417BD8C): 0
LogDevObjectVersion:   Dev-Core (375EC13C-06E4-48FB-B500-84F0262A717E): 3
LogDevObjectVersion:   Dev-Editor (E4B068ED-F494-42E9-A231-DA0B2E46BB41): 30
LogDevObjectVersion:   Dev-Framework (CFFC743F-43B0-4480-9391-14DF171D2073): 35
LogDevObjectVersion:   Dev-Mobile (B02B49B5-BB20-44E9-A304-32B752E40360): 2
LogDevObjectVersion:   Dev-Networking (A4E4105C-59A1-49B5-A7C5-40C4547EDFEE): 0
LogDevObjectVersion:   Dev-Online (39C831C9-5AE6-47DC-9A44-9C173E1C8E7C): 0
LogDevObjectVersion:   Dev-Physics (78F01B33-EBEA-4F98-B9B4-84EACCB95AA2): 0
LogDevObjectVersion:   Dev-Platform (6631380F-2D4D-43E0-8009-CF276956A95A): 0
LogDevObjectVersion:   Dev-Rendering (12F88B9F-8875-4AFC-A67C-D90C383ABD29): 28
LogDevObjectVersion:   Dev-Sequencer (7B5AE74C-D270-4C10-A958-57980B212A5A): 11
LogDevObjectVersion:   Dev-VR (D7296918-1DD6-4BDD-9DE2-64A83CC13884): 2
LogDevObjectVersion:   Dev-LoadTimes (C2A15278-BFE7-4AFE-6C17-90FF531DF755): 1
LogDevObjectVersion:   Private-Geometry (6EACA3D4-40EC-4CC1-B786-8BED09428FC5): 3
LogDevObjectVersion:   Dev-AnimPhys (29E575DD-E0A3-4627-9D10-D276232CDCEA): 17
LogDevObjectVersion:   Dev-Anim (AF43A65D-7FD3-4947-9873-3E8ED9C1BB05): 2
LogDevObjectVersion:   Dev-ReflectionCapture (6B266CEC-1EC7-4B8F-A30B-E4D90942FC07): 1
LogDevObjectVersion:   Dev-Automation (0DF73D61-A23F-47EA-B727-89E90C41499A): 1
LogDevObjectVersion:   FortniteMain (601D1886-AC64-4F84-AA16-D3DE0DEAC7D6): 25
LogDevObjectVersion:   Dev-Enterprise (9DFFBCD6-494F-0158-E221-12823C92A888): 6
LogDevObjectVersion:   Dev-Niagara (F2AED0AC-9AFE-416F-8664-AA7FFA26D6FC): 1
LogDevObjectVersion:   Dev-Destruction (174F1F0B-B4C6-45A5-B13F-2EE8D0FB917D): 2
LogInit: Presizing for max 16777216 objects, including 0 objects not considered by GC, pre-allocating 0 bytes for permanent pool.
LogInit: Object subsystem initialized
LogConfig: Setting CVar [[con.DebugEarlyDefault:1]]
LogConfig: Setting CVar [[r.setres:1280x720]]
[2020.03.12-06.20.46:818][  0]LogConfig: Setting CVar [[r.VSync:0]]
[2020.03.12-06.20.46:818][  0]LogConfig: Setting CVar [[r.RHICmdBypass:0]]
[2020.03.12-06.20.46:818][  0]LogConfig: Applying CVar settings from Section [/Script/Engine.RendererSettings] File [D:/OProjects/AISystem1/Saved/Config/Windows/Engine.ini]
[2020.03.12-06.20.46:818][  0]LogConfig: Setting CVar [[r.GPUCrashDebugging:0]]
[2020.03.12-06.20.46:818][  0]LogConfig: Applying CVar settings from Section [/Script/Engine.RendererOverrideSettings] File [D:/OProjects/AISystem1/Saved/Config/Windows/Engine.ini]
[2020.03.12-06.20.46:818][  0]LogConfig: Applying CVar settings from Section [/Script/Engine.StreamingSettings] File [D:/OProjects/AISystem1/Saved/Config/Windows/Engine.ini]
[2020.03.12-06.20.46:818][  0]LogConfig: Setting CVar [[s.MinBulkDataSizeForAsyncLoading:131072]]
[2020.03.12-06.20.46:818][  0]LogConfig: Setting CVar [[s.AsyncLoadingThreadEnabled:0]]
[2020.03.12-06.20.46:818][  0]LogConfig: Setting CVar [[s.EventDrivenLoaderEnabled:1]]
[2020.03.12-06.20.46:818][  0]LogConfig: Setting CVar [[s.WarnIfTimeLimitExceeded:0]]
[2020.03.12-06.20.46:818][  0]LogConfig: Setting CVar [[s.TimeLimitExceededMultiplier:1.5]]
[2020.03.12-06.20.46:819][  0]LogConfig: Setting CVar [[s.TimeLimitExceededMinTime:0.005]]
[2020.03.12-06.20.46:819][  0]LogConfig: Setting CVar [[s.UseBackgroundLevelStreaming:1]]
[2020.03.12-06.20.46:819][  0]LogConfig: Setting CVar [[s.PriorityAsyncLoadingExtraTime:15.0]]
[2020.03.12-06.20.46:819][  0]LogConfig: Setting CVar [[s.LevelStreamingActorsUpdateTimeLimit:5.0]]
[2020.03.12-06.20.46:819][  0]LogConfig: Setting CVar [[s.PriorityLevelStreamingActorsUpdateExtraTime:5.0]]
[2020.03.12-06.20.46:819][  0]LogConfig: Setting CVar [[s.LevelStreamingComponentsRegistrationGranularity:10]]
[2020.03.12-06.20.46:819][  0]LogConfig: Setting CVar [[s.UnregisterComponentsTimeLimit:1.0]]
[2020.03.12-06.20.46:819][  0]LogConfig: Setting CVar [[s.LevelStreamingComponentsUnregistrationGranularity:5]]
[2020.03.12-06.20.46:819][  0]LogConfig: Applying CVar settings from Section [/Script/Engine.GarbageCollectionSettings] File [D:/OProjects/AISystem1/Saved/Config/Windows/Engine.ini]
[2020.03.12-06.20.46:819][  0]LogConfig: Setting CVar [[gc.MaxObjectsNotConsideredByGC:1]]
[2020.03.12-06.20.46:819][  0]LogConfig: Setting CVar [[gc.SizeOfPermanentObjectPool:0]]
[2020.03.12-06.20.46:819][  0]LogConfig: Setting CVar [[gc.FlushStreamingOnGC:0]]
[2020.03.12-06.20.46:819][  0]LogConfig: Setting CVar [[gc.NumRetriesBeforeForcingGC:10]]
[2020.03.12-06.20.46:819][  0]LogConfig: Setting CVar [[gc.AllowParallelGC:1]]
[2020.03.12-06.20.46:819][  0]LogConfig: Setting CVar [[gc.TimeBetweenPurgingPendingKillObjects:61.1]]
[2020.03.12-06.20.46:819][  0]LogConfig: Setting CVar [[gc.MaxObjectsInEditor:16777216]]
[2020.03.12-06.20.46:819][  0]LogConfig: Setting CVar [[gc.IncrementalBeginDestroyEnabled:1]]
[2020.03.12-06.20.46:819][  0]LogConfig: Setting CVar [[gc.CreateGCClusters:1]]
[2020.03.12-06.20.46:819][  0]LogConfig: Setting CVar [[gc.MinGCClusterSize:5]]
[2020.03.12-06.20.46:819][  0]LogConfig: Setting CVar [[gc.ActorClusteringEnabled:0]]
[2020.03.12-06.20.46:819][  0]LogConfig: Setting CVar [[gc.BlueprintClusteringEnabled:0]]
[2020.03.12-06.20.46:819][  0]LogConfig: Setting CVar [[gc.UseDisregardForGCOnDedicatedServers:0]]
[2020.03.12-06.20.46:819][  0]LogConfig: Applying CVar settings from Section [/Script/Engine.NetworkSettings] File [D:/OProjects/AISystem1/Saved/Config/Windows/Engine.ini]
[2020.03.12-06.20.46:820][  0]LogConfig: Applying CVar settings from Section [/Script/UnrealEd.CookerSettings] File [D:/OProjects/AISystem1/Saved/Config/Windows/Engine.ini]
[2020.03.12-06.20.46:824][  0]LogConfig: Applying CVar settings from Section [ViewDistanceQuality@3] File [D:/OProjects/AISystem1/Saved/Config/Windows/Scalability.ini]
[2020.03.12-06.20.46:824][  0]LogConfig: Setting CVar [[r.SkeletalMeshLODBias:0]]
[2020.03.12-06.20.46:824][  0]LogConfig: Setting CVar [[r.ViewDistanceScale:1.0]]
[2020.03.12-06.20.46:824][  0]LogConfig: Applying CVar settings from Section [AntiAliasingQuality@3] File [D:/OProjects/AISystem1/Saved/Config/Windows/Scalability.ini]
[2020.03.12-06.20.46:824][  0]LogConfig: Setting CVar [[r.PostProcessAAQuality:4]]
[2020.03.12-06.20.46:825][  0]LogConfig: Applying CVar settings from Section [ShadowQuality@3] File [D:/OProjects/AISystem1/Saved/Config/Windows/Scalability.ini]
[2020.03.12-06.20.46:825][  0]LogConfig: Setting CVar [[r.LightFunctionQuality:1]]
[2020.03.12-06.20.46:825][  0]LogConfig: Setting CVar [[r.ShadowQuality:5]]
[2020.03.12-06.20.46:825][  0]LogConfig: Setting CVar [[r.Shadow.CSM.MaxCascades:10]]
[2020.03.12-06.20.46:825][  0]LogConfig: Setting CVar [[r.Shadow.MaxResolution:2048]]
[2020.03.12-06.20.46:825][  0]LogConfig: Setting CVar [[r.Shadow.MaxCSMResolution:2048]]
[2020.03.12-06.20.46:825][  0]LogConfig: Setting CVar [[r.Shadow.RadiusThreshold:0.01]]
[2020.03.12-06.20.46:825][  0]LogConfig: Setting CVar [[r.Shadow.DistanceScale:1.0]]
[2020.03.12-06.20.46:825][  0]LogConfig: Setting CVar [[r.Shadow.CSM.TransitionScale:1.0]]
[2020.03.12-06.20.46:825][  0]LogConfig: Setting CVar [[r.Shadow.PreShadowResolutionFactor:1.0]]
[2020.03.12-06.20.46:825][  0]LogConfig: Setting CVar [[r.DistanceFieldShadowing:1]]
[2020.03.12-06.20.46:825][  0]LogConfig: Setting CVar [[r.DistanceFieldAO:1]]
[2020.03.12-06.20.46:825][  0]LogConfig: Setting CVar [[r.AOQuality:2]]
[2020.03.12-06.20.46:825][  0]LogConfig: Setting CVar [[r.VolumetricFog:1]]
[2020.03.12-06.20.46:825][  0]LogConfig: Setting CVar [[r.VolumetricFog.GridPixelSize:8]]
[2020.03.12-06.20.46:825][  0]LogConfig: Setting CVar [[r.VolumetricFog.GridSizeZ:128]]
[2020.03.12-06.20.46:825][  0]LogConfig: Setting CVar [[r.VolumetricFog.HistoryMissSupersampleCount:4]]
[2020.03.12-06.20.46:825][  0]LogConfig: Setting CVar [[r.LightMaxDrawDistanceScale:1]]
[2020.03.12-06.20.46:825][  0]LogConfig: Setting CVar [[r.CapsuleShadows:1]]
[2020.03.12-06.20.46:825][  0]LogConfig: Applying CVar settings from Section [PostProcessQuality@3] File [D:/OProjects/AISystem1/Saved/Config/Windows/Scalability.ini]
[2020.03.12-06.20.46:825][  0]LogConfig: Setting CVar [[r.MotionBlurQuality:4]]
[2020.03.12-06.20.46:825][  0]LogConfig: Setting CVar [[r.AmbientOcclusionMipLevelFactor:0.4]]
[2020.03.12-06.20.46:825][  0]LogConfig: Setting CVar [[r.AmbientOcclusionMaxQuality:100]]
[2020.03.12-06.20.46:825][  0]LogConfig: Setting CVar [[r.AmbientOcclusionLevels:-1]]
[2020.03.12-06.20.46:825][  0]LogConfig: Setting CVar [[r.AmbientOcclusionRadiusScale:1.0]]
[2020.03.12-06.20.46:825][  0]LogConfig: Setting CVar [[r.DepthOfFieldQuality:2]]
[2020.03.12-06.20.46:825][  0]LogConfig: Setting CVar [[r.RenderTargetPoolMin:400]]
[2020.03.12-06.20.46:825][  0]LogConfig: Setting CVar [[r.LensFlareQuality:2]]
[2020.03.12-06.20.46:825][  0]LogConfig: Setting CVar [[r.SceneColorFringeQuality:1]]
[2020.03.12-06.20.46:825][  0]LogConfig: Setting CVar [[r.EyeAdaptationQuality:2]]
[2020.03.12-06.20.46:826][  0]LogConfig: Setting CVar [[r.BloomQuality:5]]
[2020.03.12-06.20.46:826][  0]LogConfig: Setting CVar [[r.FastBlurThreshold:100]]
[2020.03.12-06.20.46:826][  0]LogConfig: Setting CVar [[r.Upscale.Quality:3]]
[2020.03.12-06.20.46:826][  0]LogConfig: Setting CVar [[r.Tonemapper.GrainQuantization:1]]
[2020.03.12-06.20.46:826][  0]LogConfig: Setting CVar [[r.LightShaftQuality:1]]
[2020.03.12-06.20.46:826][  0]LogConfig: Setting CVar [[r.Filter.SizeScale:1]]
[2020.03.12-06.20.46:826][  0]LogConfig: Setting CVar [[r.Tonemapper.Quality:5]]
[2020.03.12-06.20.46:826][  0]LogConfig: Setting CVar [[r.DOF.Gather.AccumulatorQuality:1        ; higher gathering accumulator quality]]
[2020.03.12-06.20.46:826][  0]LogConfig: Setting CVar [[r.DOF.Gather.PostfilterMethod:1          ; Median3x3 postfilering method]]
[2020.03.12-06.20.46:826][  0]LogConfig: Setting CVar [[r.DOF.Gather.EnableBokehSettings:0       ; no bokeh simulation when gathering]]
[2020.03.12-06.20.46:826][  0]LogConfig: Setting CVar [[r.DOF.Gather.RingCount:4                 ; medium number of samples when gathering]]
[2020.03.12-06.20.46:826][  0]LogConfig: Setting CVar [[r.DOF.Scatter.ForegroundCompositing:1    ; additive foreground scattering]]
[2020.03.12-06.20.46:826][  0]LogConfig: Setting CVar [[r.DOF.Scatter.BackgroundCompositing:2    ; additive background scattering]]
[2020.03.12-06.20.46:826][  0]LogConfig: Setting CVar [[r.DOF.Scatter.EnableBokehSettings:1      ; bokeh simulation when scattering]]
[2020.03.12-06.20.46:826][  0]LogConfig: Setting CVar [[r.DOF.Scatter.MaxSpriteRatio:0.1         ; only a maximum of 10% of scattered bokeh]]
[2020.03.12-06.20.46:826][  0]LogConfig: Setting CVar [[r.DOF.Recombine.Quality:1                ; cheap slight out of focus]]
[2020.03.12-06.20.46:826][  0]LogConfig: Setting CVar [[r.DOF.Recombine.EnableBokehSettings:0    ; no bokeh simulation on slight out of focus]]
[2020.03.12-06.20.46:826][  0]LogConfig: Setting CVar [[r.DOF.TemporalAAQuality:1                ; more stable temporal accumulation]]
[2020.03.12-06.20.46:826][  0]LogConfig: Setting CVar [[r.DOF.Kernel.MaxForegroundRadius:0.025]]
[2020.03.12-06.20.46:826][  0]LogConfig: Setting CVar [[r.DOF.Kernel.MaxBackgroundRadius:0.025]]
[2020.03.12-06.20.46:826][  0]LogConfig: Applying CVar settings from Section [TextureQuality@3] File [D:/OProjects/AISystem1/Saved/Config/Windows/Scalability.ini]
[2020.03.12-06.20.46:826][  0]LogConfig: Setting CVar [[r.Streaming.MipBias:0]]
[2020.03.12-06.20.46:826][  0]LogConfig: Setting CVar [[r.Streaming.AmortizeCPUToGPUCopy:0]]
[2020.03.12-06.20.46:826][  0]LogConfig: Setting CVar [[r.Streaming.MaxNumTexturesToStreamPerFrame:0]]
[2020.03.12-06.20.46:826][  0]LogConfig: Setting CVar [[r.Streaming.Boost:1]]
[2020.03.12-06.20.46:826][  0]LogConfig: Setting CVar [[r.MaxAnisotropy:8]]
[2020.03.12-06.20.46:826][  0]LogConfig: Setting CVar [[r.Streaming.LimitPoolSizeToVRAM:0]]
[2020.03.12-06.20.46:826][  0]LogConfig: Setting CVar [[r.Streaming.PoolSize:1000]]
[2020.03.12-06.20.46:826][  0]LogConfig: Setting CVar [[r.Streaming.MaxEffectiveScreenSize:0]]
[2020.03.12-06.20.46:826][  0]LogConfig: Applying CVar settings from Section [EffectsQuality@3] File [D:/OProjects/AISystem1/Saved/Config/Windows/Scalability.ini]
[2020.03.12-06.20.46:826][  0]LogConfig: Setting CVar [[r.TranslucencyLightingVolumeDim:64]]
[2020.03.12-06.20.46:827][  0]LogConfig: Setting CVar [[r.RefractionQuality:2]]
[2020.03.12-06.20.46:827][  0]LogConfig: Setting CVar [[r.SSR.Quality:3]]
[2020.03.12-06.20.46:827][  0]LogConfig: Setting CVar [[r.SceneColorFormat:4]]
[2020.03.12-06.20.46:827][  0]LogConfig: Setting CVar [[r.DetailMode:2]]
[2020.03.12-06.20.46:827][  0]LogConfig: Setting CVar [[r.TranslucencyVolumeBlur:1]]
[2020.03.12-06.20.46:827][  0]LogConfig: Setting CVar [[r.MaterialQualityLevel:1 ; High quality]]
[2020.03.12-06.20.46:827][  0]LogConfig: Setting CVar [[r.SSS.Scale:1]]
[2020.03.12-06.20.46:827][  0]LogConfig: Setting CVar [[r.SSS.SampleSet:2]]
[2020.03.12-06.20.46:827][  0]LogConfig: Setting CVar [[r.SSS.Quality:1]]
[2020.03.12-06.20.46:827][  0]LogConfig: Setting CVar [[r.SSS.HalfRes:1]]
[2020.03.12-06.20.46:827][  0]LogConfig: Setting CVar [[r.EmitterSpawnRateScale:1.0]]
[2020.03.12-06.20.46:827][  0]LogConfig: Setting CVar [[r.ParticleLightQuality:2]]
[2020.03.12-06.20.46:827][  0]LogConfig: Applying CVar settings from Section [FoliageQuality@3] File [D:/OProjects/AISystem1/Saved/Config/Windows/Scalability.ini]
[2020.03.12-06.20.46:827][  0]LogConfig: Setting CVar [[foliage.DensityScale:1.0]]
[2020.03.12-06.20.46:827][  0]LogConfig: Setting CVar [[grass.DensityScale:1.0]]
[2020.03.12-06.20.46:827][  0]LogInit: Selected Device Profile: [Windows]
[2020.03.12-06.20.46:827][  0]LogInit: Applying CVar settings loaded from the selected device profile: [Windows]
[2020.03.12-06.20.46:836][  0]LogHAL: Display: Platform has ~ 32 GB [34288050176 / 34359738368 / 32], which maps to Largest [LargestMinGB=32, LargerMinGB=12, DefaultMinGB=8, SmallerMinGB=6, SmallestMinGB=0)
[2020.03.12-06.20.46:836][  0]LogConfig: Setting CVar [[r.Vulkan.UseRealUBs:0		; Required until we fix HLR fall-out]]
[2020.03.12-06.20.46:836][  0]LogInit: Going up to parent DeviceProfile []
[2020.03.12-06.20.46:836][  0]LogConfig: Applying CVar settings from Section [ViewDistanceQuality@3] File [D:/OProjects/AISystem1/Saved/Config/Windows/Scalability.ini]
[2020.03.12-06.20.46:836][  0]LogConfig: Setting CVar [[r.SkeletalMeshLODBias:0]]
[2020.03.12-06.20.46:836][  0]LogConfig: Setting CVar [[r.ViewDistanceScale:1.0]]
[2020.03.12-06.20.46:836][  0]LogConfig: Applying CVar settings from Section [AntiAliasingQuality@1] File [D:/OProjects/AISystem1/Saved/Config/Windows/Scalability.ini]
[2020.03.12-06.20.46:836][  0]LogConfig: Setting CVar [[r.PostProcessAAQuality:2]]
[2020.03.12-06.20.46:836][  0]LogConfig: Applying CVar settings from Section [ShadowQuality@3] File [D:/OProjects/AISystem1/Saved/Config/Windows/Scalability.ini]
[2020.03.12-06.20.46:837][  0]LogConfig: Setting CVar [[r.LightFunctionQuality:1]]
[2020.03.12-06.20.46:837][  0]LogConfig: Setting CVar [[r.ShadowQuality:5]]
[2020.03.12-06.20.46:837][  0]LogConfig: Setting CVar [[r.Shadow.CSM.MaxCascades:10]]
[2020.03.12-06.20.46:837][  0]LogConfig: Setting CVar [[r.Shadow.MaxResolution:2048]]
[2020.03.12-06.20.46:837][  0]LogConfig: Setting CVar [[r.Shadow.MaxCSMResolution:2048]]
[2020.03.12-06.20.46:837][  0]LogConfig: Setting CVar [[r.Shadow.RadiusThreshold:0.01]]
[2020.03.12-06.20.46:837][  0]LogConfig: Setting CVar [[r.Shadow.DistanceScale:1.0]]
[2020.03.12-06.20.46:837][  0]LogConfig: Setting CVar [[r.Shadow.CSM.TransitionScale:1.0]]
[2020.03.12-06.20.46:837][  0]LogConfig: Setting CVar [[r.Shadow.PreShadowResolutionFactor:1.0]]
[2020.03.12-06.20.46:837][  0]LogConfig: Setting CVar [[r.DistanceFieldShadowing:1]]
[2020.03.12-06.20.46:837][  0]LogConfig: Setting CVar [[r.DistanceFieldAO:1]]
[2020.03.12-06.20.46:837][  0]LogConfig: Setting CVar [[r.AOQuality:2]]
[2020.03.12-06.20.46:837][  0]LogConfig: Setting CVar [[r.VolumetricFog:1]]
[2020.03.12-06.20.46:837][  0]LogConfig: Setting CVar [[r.VolumetricFog.GridPixelSize:8]]
[2020.03.12-06.20.46:837][  0]LogConfig: Setting CVar [[r.VolumetricFog.GridSizeZ:128]]
[2020.03.12-06.20.46:837][  0]LogConfig: Setting CVar [[r.VolumetricFog.HistoryMissSupersampleCount:4]]
[2020.03.12-06.20.46:837][  0]LogConfig: Setting CVar [[r.LightMaxDrawDistanceScale:1]]
[2020.03.12-06.20.46:837][  0]LogConfig: Setting CVar [[r.CapsuleShadows:1]]
[2020.03.12-06.20.46:837][  0]LogConfig: Applying CVar settings from Section [PostProcessQuality@3] File [D:/OProjects/AISystem1/Saved/Config/Windows/Scalability.ini]
[2020.03.12-06.20.46:838][  0]LogConfig: Setting CVar [[r.MotionBlurQuality:4]]
[2020.03.12-06.20.46:838][  0]LogConfig: Setting CVar [[r.AmbientOcclusionMipLevelFactor:0.4]]
[2020.03.12-06.20.46:838][  0]LogConfig: Setting CVar [[r.AmbientOcclusionMaxQuality:100]]
[2020.03.12-06.20.46:838][  0]LogConfig: Setting CVar [[r.AmbientOcclusionLevels:-1]]
[2020.03.12-06.20.46:838][  0]LogConfig: Setting CVar [[r.AmbientOcclusionRadiusScale:1.0]]
[2020.03.12-06.20.46:838][  0]LogConfig: Setting CVar [[r.DepthOfFieldQuality:2]]
[2020.03.12-06.20.46:838][  0]LogConfig: Setting CVar [[r.RenderTargetPoolMin:400]]
[2020.03.12-06.20.46:838][  0]LogConfig: Setting CVar [[r.LensFlareQuality:2]]
[2020.03.12-06.20.46:838][  0]LogConfig: Setting CVar [[r.SceneColorFringeQuality:1]]
[2020.03.12-06.20.46:838][  0]LogConfig: Setting CVar [[r.EyeAdaptationQuality:2]]
[2020.03.12-06.20.46:838][  0]LogConfig: Setting CVar [[r.BloomQuality:5]]
[2020.03.12-06.20.46:838][  0]LogConfig: Setting CVar [[r.FastBlurThreshold:100]]
[2020.03.12-06.20.46:838][  0]LogConfig: Setting CVar [[r.Upscale.Quality:3]]
[2020.03.12-06.20.46:838][  0]LogConfig: Setting CVar [[r.Tonemapper.GrainQuantization:1]]
[2020.03.12-06.20.46:838][  0]LogConfig: Setting CVar [[r.LightShaftQuality:1]]
[2020.03.12-06.20.46:838][  0]LogConfig: Setting CVar [[r.Filter.SizeScale:1]]
[2020.03.12-06.20.46:838][  0]LogConfig: Setting CVar [[r.Tonemapper.Quality:5]]
[2020.03.12-06.20.46:838][  0]LogConfig: Setting CVar [[r.DOF.Gather.AccumulatorQuality:1        ; higher gathering accumulator quality]]
[2020.03.12-06.20.46:838][  0]LogConfig: Setting CVar [[r.DOF.Gather.PostfilterMethod:1          ; Median3x3 postfilering method]]
[2020.03.12-06.20.46:838][  0]LogConfig: Setting CVar [[r.DOF.Gather.EnableBokehSettings:0       ; no bokeh simulation when gathering]]
[2020.03.12-06.20.46:838][  0]LogConfig: Setting CVar [[r.DOF.Gather.RingCount:4                 ; medium number of samples when gathering]]
[2020.03.12-06.20.46:838][  0]LogConfig: Setting CVar [[r.DOF.Scatter.ForegroundCompositing:1    ; additive foreground scattering]]
[2020.03.12-06.20.46:838][  0]LogConfig: Setting CVar [[r.DOF.Scatter.BackgroundCompositing:2    ; additive background scattering]]
[2020.03.12-06.20.46:838][  0]LogConfig: Setting CVar [[r.DOF.Scatter.EnableBokehSettings:1      ; bokeh simulation when scattering]]
[2020.03.12-06.20.46:838][  0]LogConfig: Setting CVar [[r.DOF.Scatter.MaxSpriteRatio:0.1         ; only a maximum of 10% of scattered bokeh]]
[2020.03.12-06.20.46:838][  0]LogConfig: Setting CVar [[r.DOF.Recombine.Quality:1                ; cheap slight out of focus]]
[2020.03.12-06.20.46:838][  0]LogConfig: Setting CVar [[r.DOF.Recombine.EnableBokehSettings:0    ; no bokeh simulation on slight out of focus]]
[2020.03.12-06.20.46:838][  0]LogConfig: Setting CVar [[r.DOF.TemporalAAQuality:1                ; more stable temporal accumulation]]
[2020.03.12-06.20.46:839][  0]LogConfig: Setting CVar [[r.DOF.Kernel.MaxForegroundRadius:0.025]]
[2020.03.12-06.20.46:839][  0]LogConfig: Setting CVar [[r.DOF.Kernel.MaxBackgroundRadius:0.025]]
[2020.03.12-06.20.46:839][  0]LogConfig: Applying CVar settings from Section [TextureQuality@3] File [D:/OProjects/AISystem1/Saved/Config/Windows/Scalability.ini]
[2020.03.12-06.20.46:839][  0]LogConfig: Setting CVar [[r.Streaming.MipBias:0]]
[2020.03.12-06.20.46:839][  0]LogConfig: Setting CVar [[r.Streaming.AmortizeCPUToGPUCopy:0]]
[2020.03.12-06.20.46:839][  0]LogConfig: Setting CVar [[r.Streaming.MaxNumTexturesToStreamPerFrame:0]]
[2020.03.12-06.20.46:839][  0]LogConfig: Setting CVar [[r.Streaming.Boost:1]]
[2020.03.12-06.20.46:839][  0]LogConfig: Setting CVar [[r.MaxAnisotropy:8]]
[2020.03.12-06.20.46:839][  0]LogConfig: Setting CVar [[r.Streaming.LimitPoolSizeToVRAM:0]]
[2020.03.12-06.20.46:839][  0]LogConfig: Setting CVar [[r.Streaming.PoolSize:1000]]
[2020.03.12-06.20.46:839][  0]LogConfig: Setting CVar [[r.Streaming.MaxEffectiveScreenSize:0]]
[2020.03.12-06.20.46:839][  0]LogConfig: Applying CVar settings from Section [EffectsQuality@3] File [D:/OProjects/AISystem1/Saved/Config/Windows/Scalability.ini]
[2020.03.12-06.20.46:839][  0]LogConfig: Setting CVar [[r.TranslucencyLightingVolumeDim:64]]
[2020.03.12-06.20.46:839][  0]LogConfig: Setting CVar [[r.RefractionQuality:2]]
[2020.03.12-06.20.46:839][  0]LogConfig: Setting CVar [[r.SSR.Quality:3]]
[2020.03.12-06.20.46:839][  0]LogConfig: Setting CVar [[r.SceneColorFormat:4]]
[2020.03.12-06.20.46:839][  0]LogConfig: Setting CVar [[r.DetailMode:2]]
[2020.03.12-06.20.46:839][  0]LogConfig: Setting CVar [[r.TranslucencyVolumeBlur:1]]
[2020.03.12-06.20.46:839][  0]LogConfig: Setting CVar [[r.MaterialQualityLevel:1 ; High quality]]
[2020.03.12-06.20.46:839][  0]LogConfig: Setting CVar [[r.SSS.Scale:1]]
[2020.03.12-06.20.46:839][  0]LogConfig: Setting CVar [[r.SSS.SampleSet:2]]
[2020.03.12-06.20.46:839][  0]LogConfig: Setting CVar [[r.SSS.Quality:1]]
[2020.03.12-06.20.46:839][  0]LogConfig: Setting CVar [[r.SSS.HalfRes:1]]
[2020.03.12-06.20.46:839][  0]LogConfig: Setting CVar [[r.EmitterSpawnRateScale:1.0]]
[2020.03.12-06.20.46:839][  0]LogConfig: Setting CVar [[r.ParticleLightQuality:2]]
[2020.03.12-06.20.46:840][  0]LogConfig: Applying CVar settings from Section [FoliageQuality@3] File [D:/OProjects/AISystem1/Saved/Config/Windows/Scalability.ini]
[2020.03.12-06.20.46:840][  0]LogConfig: Setting CVar [[foliage.DensityScale:1.0]]
[2020.03.12-06.20.46:840][  0]LogConfig: Setting CVar [[grass.DensityScale:1.0]]
[2020.03.12-06.20.46:840][  0]LogConfig: Applying CVar settings from Section [Startup] File [../../../Engine/Config/ConsoleVariables.ini]
[2020.03.12-06.20.46:840][  0]LogConfig: Setting CVar [[net.UseAdaptiveNetUpdateFrequency:0]]
[2020.03.12-06.20.46:840][  0]LogConfig: Setting CVar [[p.chaos.AllowCreatePhysxBodies:1]]
[2020.03.12-06.20.46:840][  0]LogConfig: Applying CVar settings from Section [ConsoleVariables] File [D:/OProjects/AISystem1/Saved/Config/Windows/Engine.ini]
[2020.03.12-06.20.46:840][  0]LogInit: Computer: DESKTOP-79C879U
[2020.03.12-06.20.46:840][  0]LogInit: User: wang
[2020.03.12-06.20.46:840][  0]LogInit: CPU Page size=4096, Cores=8
[2020.03.12-06.20.46:840][  0]LogInit: High frequency timer resolution =10.000000 MHz
[2020.03.12-06.20.46:840][  0]LogMemory: Memory total: Physical=31.9GB (32GB approx)
[2020.03.12-06.20.46:840][  0]LogMemory: Platform Memory Stats for Windows
[2020.03.12-06.20.46:840][  0]LogMemory: Process Physical Memory: 97.43 MB used, 97.44 MB peak
[2020.03.12-06.20.46:840][  0]LogMemory: Process Virtual Memory: 89.85 MB used, 89.85 MB peak
[2020.03.12-06.20.46:840][  0]LogMemory: Physical Memory: 10508.84 MB used,  22190.79 MB free, 32699.63 MB total
[2020.03.12-06.20.46:840][  0]LogMemory: Virtual Memory: 4661.95 MB used,  134213064.00 MB free, 134217728.00 MB total
[2020.03.12-06.20.46:906][  0]LogInit: Using OS detected language (zh-CN).
[2020.03.12-06.20.46:906][  0]LogInit: Using OS detected locale (zh-CN).
[2020.03.12-06.20.46:907][  0]LogTextLocalizationResource: LocRes '../../../Engine/Content/Localization/Editor/zh-Hans-CN/Editor.locres' could not be opened for reading!
[2020.03.12-06.20.46:907][  0]LogTextLocalizationResource: LocRes '../../../Engine/Content/Localization/EditorTutorials/zh-Hans-CN/EditorTutorials.locres' could not be opened for reading!
[2020.03.12-06.20.46:907][  0]LogTextLocalizationResource: LocRes '../../../Engine/Content/Localization/Keywords/zh-Hans-CN/Keywords.locres' could not be opened for reading!
[2020.03.12-06.20.46:907][  0]LogTextLocalizationResource: LocRes '../../../Engine/Content/Localization/Category/zh-Hans-CN/Category.locres' could not be opened for reading!
[2020.03.12-06.20.46:907][  0]LogTextLocalizationResource: LocRes '../../../Engine/Content/Localization/ToolTips/zh-Hans-CN/ToolTips.locres' could not be opened for reading!
[2020.03.12-06.20.46:907][  0]LogTextLocalizationResource: LocRes '../../../Engine/Content/Localization/PropertyNames/zh-Hans-CN/PropertyNames.locres' could not be opened for reading!
[2020.03.12-06.20.46:907][  0]LogTextLocalizationResource: LocRes '../../../Engine/Content/Localization/Engine/zh-Hans-CN/Engine.locres' could not be opened for reading!
[2020.03.12-06.20.46:908][  0]LogTextLocalizationResource: LocRes '../../../Engine/Plugins/Online/Android/OnlineSubsystemGooglePlay/Content/Localization/OnlineSubsystemGooglePlay/zh-Hans-CN/OnlineSubsystemGooglePlay.locres' could not be opened for reading!
[2020.03.12-06.20.46:908][  0]LogTextLocalizationResource: LocRes '../../../Engine/Plugins/Online/IOS/OnlineSubsystemIOS/Content/Localization/OnlineSubsystemIOS/zh-Hans-CN/OnlineSubsystemIOS.locres' could not be opened for reading!
[2020.03.12-06.20.46:908][  0]LogTextLocalizationResource: LocRes '../../../Engine/Plugins/Online/OnlineSubsystem/Content/Localization/OnlineSubsystem/zh-Hans-CN/OnlineSubsystem.locres' could not be opened for reading!
[2020.03.12-06.20.46:908][  0]LogTextLocalizationResource: LocRes '../../../Engine/Plugins/Online/OnlineSubsystemUtils/Content/Localization/OnlineSubsystemUtils/zh-Hans-CN/OnlineSubsystemUtils.locres' could not be opened for reading!
[2020.03.12-06.20.46:936][  0]LogTextLocalizationResource: LocRes '../../../Engine/Plugins/Online/Android/OnlineSubsystemGooglePlay/Content/Localization/OnlineSubsystemGooglePlay/zh-CN/OnlineSubsystemGooglePlay.locres' could not be opened for reading!
[2020.03.12-06.20.46:936][  0]LogTextLocalizationResource: LocRes '../../../Engine/Plugins/Online/IOS/OnlineSubsystemIOS/Content/Localization/OnlineSubsystemIOS/zh-CN/OnlineSubsystemIOS.locres' could not be opened for reading!
[2020.03.12-06.20.46:937][  0]LogTextLocalizationResource: LocRes '../../../Engine/Plugins/Online/OnlineSubsystem/Content/Localization/OnlineSubsystem/zh-CN/OnlineSubsystem.locres' could not be opened for reading!
[2020.03.12-06.20.46:937][  0]LogTextLocalizationResource: LocRes '../../../Engine/Plugins/Online/OnlineSubsystemUtils/Content/Localization/OnlineSubsystemUtils/zh-CN/OnlineSubsystemUtils.locres' could not be opened for reading!
[2020.03.12-06.20.46:937][  0]LogTextLocalizationResource: LocRes '../../../Engine/Content/Localization/Editor/zh-Hans/Editor.locres' could not be opened for reading!
[2020.03.12-06.20.46:937][  0]LogTextLocalizationResource: LocRes '../../../Engine/Content/Localization/EditorTutorials/zh-Hans/EditorTutorials.locres' could not be opened for reading!
[2020.03.12-06.20.46:937][  0]LogTextLocalizationResource: LocRes '../../../Engine/Content/Localization/Keywords/zh-Hans/Keywords.locres' could not be opened for reading!
[2020.03.12-06.20.46:937][  0]LogTextLocalizationResource: LocRes '../../../Engine/Content/Localization/Category/zh-Hans/Category.locres' could not be opened for reading!
[2020.03.12-06.20.46:937][  0]LogTextLocalizationResource: LocRes '../../../Engine/Content/Localization/ToolTips/zh-Hans/ToolTips.locres' could not be opened for reading!
[2020.03.12-06.20.46:937][  0]LogTextLocalizationResource: LocRes '../../../Engine/Content/Localization/PropertyNames/zh-Hans/PropertyNames.locres' could not be opened for reading!
[2020.03.12-06.20.46:937][  0]LogTextLocalizationResource: LocRes '../../../Engine/Content/Localization/Engine/zh-Hans/Engine.locres' could not be opened for reading!
[2020.03.12-06.20.46:938][  0]LogTextLocalizationResource: LocRes '../../../Engine/Content/Localization/Editor/zh/Editor.locres' could not be opened for reading!
[2020.03.12-06.20.46:938][  0]LogTextLocalizationResource: LocRes '../../../Engine/Content/Localization/EditorTutorials/zh/EditorTutorials.locres' could not be opened for reading!
[2020.03.12-06.20.46:938][  0]LogTextLocalizationResource: LocRes '../../../Engine/Content/Localization/Keywords/zh/Keywords.locres' could not be opened for reading!
[2020.03.12-06.20.46:938][  0]LogTextLocalizationResource: LocRes '../../../Engine/Content/Localization/Category/zh/Category.locres' could not be opened for reading!
[2020.03.12-06.20.46:938][  0]LogTextLocalizationResource: LocRes '../../../Engine/Content/Localization/ToolTips/zh/ToolTips.locres' could not be opened for reading!
[2020.03.12-06.20.46:938][  0]LogTextLocalizationResource: LocRes '../../../Engine/Content/Localization/PropertyNames/zh/PropertyNames.locres' could not be opened for reading!
[2020.03.12-06.20.46:938][  0]LogTextLocalizationResource: LocRes '../../../Engine/Content/Localization/Engine/zh/Engine.locres' could not be opened for reading!
[2020.03.12-06.20.46:938][  0]LogTextLocalizationResource: LocRes '../../../Engine/Plugins/Online/Android/OnlineSubsystemGooglePlay/Content/Localization/OnlineSubsystemGooglePlay/zh/OnlineSubsystemGooglePlay.locres' could not be opened for reading!
[2020.03.12-06.20.46:939][  0]LogTextLocalizationResource: LocRes '../../../Engine/Plugins/Online/IOS/OnlineSubsystemIOS/Content/Localization/OnlineSubsystemIOS/zh/OnlineSubsystemIOS.locres' could not be opened for reading!
[2020.03.12-06.20.46:939][  0]LogTextLocalizationResource: LocRes '../../../Engine/Plugins/Online/OnlineSubsystem/Content/Localization/OnlineSubsystem/zh/OnlineSubsystem.locres' could not be opened for reading!
[2020.03.12-06.20.46:939][  0]LogTextLocalizationResource: LocRes '../../../Engine/Plugins/Online/OnlineSubsystemUtils/Content/Localization/OnlineSubsystemUtils/zh/OnlineSubsystemUtils.locres' could not be opened for reading!
[2020.03.12-06.20.46:955][  0]LogInit: Setting process to per monitor DPI aware
[2020.03.12-06.20.46:983][  0]LogSlate: New Slate User Created.  User Index 0, Is Virtual User: 0
[2020.03.12-06.20.46:984][  0]LogSlate: Slate User Registered.  User Index 0, Is Virtual User: 0
[2020.03.12-06.20.47:087][  0]LogHMD: Failed to initialize OpenVR with code 110
[2020.03.12-06.20.47:087][  0]LogD3D11RHI: D3D11 adapters:
[2020.03.12-06.20.47:145][  0]LogD3D11RHI:    0. 'NVIDIA GeForce GTX 1660 Ti' (Feature Level 11_0)
[2020.03.12-06.20.47:145][  0]LogD3D11RHI:       5991/0/16349 MB DedicatedVideo/DedicatedSystem/SharedSystem, Outputs:2, VendorId:0x10de
[2020.03.12-06.20.47:148][  0]LogD3D11RHI:    1. 'Microsoft Basic Render Driver' (Feature Level 11_0)
[2020.03.12-06.20.47:148][  0]LogD3D11RHI:       0/0/16349 MB DedicatedVideo/DedicatedSystem/SharedSystem, Outputs:0, VendorId:0x1414
[2020.03.12-06.20.47:148][  0]LogD3D11RHI: Chosen D3D11 Adapter: 0
[2020.03.12-06.20.47:154][  0]LogD3D11RHI: Creating new Direct3DDevice
[2020.03.12-06.20.47:155][  0]LogD3D11RHI:     GPU DeviceId: 0x2182 (for the marketing name, search the web for "GPU Device Id")
[2020.03.12-06.20.47:155][  0]LogWindows: EnumDisplayDevices:
[2020.03.12-06.20.47:155][  0]LogWindows:    0. 'NVIDIA GeForce GTX 1660 Ti' (P:0 D:1)
[2020.03.12-06.20.47:155][  0]LogWindows:    1. 'NVIDIA GeForce GTX 1660 Ti' (P:1 D:1)
[2020.03.12-06.20.47:155][  0]LogWindows:    2. 'NVIDIA GeForce GTX 1660 Ti' (P:0 D:0)
[2020.03.12-06.20.47:156][  0]LogWindows:    3. 'NVIDIA GeForce GTX 1660 Ti' (P:0 D:0)
[2020.03.12-06.20.47:156][  0]LogWindows: DebugString: FoundDriverCount:4 
[2020.03.12-06.20.47:156][  0]LogD3D11RHI:     Adapter Name: NVIDIA GeForce GTX 1660 Ti
[2020.03.12-06.20.47:156][  0]LogD3D11RHI:   Driver Version: 432.00 (internal:26.21.14.3200, unified:432.00)
[2020.03.12-06.20.47:156][  0]LogD3D11RHI:      Driver Date: 7-24-2019
[2020.03.12-06.20.47:156][  0]LogRHI: Texture pool is 4193 MB (70% of 5991 MB)
[2020.03.12-06.20.47:197][  0]LogD3D11RHI: Async texture creation enabled
[2020.03.12-06.20.47:199][  0]LogRendererCore: FGlobalReadBuffer::InitRHI
[2020.03.12-06.20.47:200][  0]LogRendererCore: FGlobalReadBuffer::InitRHI
[2020.03.12-06.20.47:200][  0]LogRendererCore: FGlobalReadBuffer::InitRHI
[2020.03.12-06.20.47:207][  0]LogD3D11RHI: GPU Timing Frequency: 1000.000000 (Debug: 2 1)
[2020.03.12-06.20.47:485][  0]LogTemp: Display: Module 'AllDesktopTargetPlatform' loaded TargetPlatform 'AllDesktop'
[2020.03.12-06.20.47:498][  0]LogTemp: Display: Module 'MacClientTargetPlatform' loaded TargetPlatform 'MacClient'
[2020.03.12-06.20.47:512][  0]LogTemp: Display: Module 'MacNoEditorTargetPlatform' loaded TargetPlatform 'MacNoEditor'
[2020.03.12-06.20.47:525][  0]LogTemp: Display: Module 'MacServerTargetPlatform' loaded TargetPlatform 'MacServer'
[2020.03.12-06.20.47:539][  0]LogTemp: Display: Module 'MacTargetPlatform' loaded TargetPlatform 'Mac'
[2020.03.12-06.20.47:552][  0]LogTemp: Display: Module 'WindowsClientTargetPlatform' loaded TargetPlatform 'WindowsClient'
[2020.03.12-06.20.47:566][  0]LogTemp: Display: Module 'WindowsNoEditorTargetPlatform' loaded TargetPlatform 'WindowsNoEditor'
[2020.03.12-06.20.47:579][  0]LogTemp: Display: Module 'WindowsServerTargetPlatform' loaded TargetPlatform 'WindowsServer'
[2020.03.12-06.20.47:588][  0]LogTemp: Display: Module 'WindowsTargetPlatform' loaded TargetPlatform 'Windows'
[2020.03.12-06.20.47:643][  0]LogTemp: Display: Module 'AndroidTargetPlatform' loaded TargetPlatform 'Android'
[2020.03.12-06.20.47:643][  0]LogTemp: Display: Module 'AndroidTargetPlatform' loaded TargetPlatform 'Android_ASTC'
[2020.03.12-06.20.47:643][  0]LogTemp: Display: Module 'AndroidTargetPlatform' loaded TargetPlatform 'Android_ATC'
[2020.03.12-06.20.47:643][  0]LogTemp: Display: Module 'AndroidTargetPlatform' loaded TargetPlatform 'Android_DXT'
[2020.03.12-06.20.47:643][  0]LogTemp: Display: Module 'AndroidTargetPlatform' loaded TargetPlatform 'Android_ETC1'
[2020.03.12-06.20.47:643][  0]LogTemp: Display: Module 'AndroidTargetPlatform' loaded TargetPlatform 'Android_ETC1a'
[2020.03.12-06.20.47:643][  0]LogTemp: Display: Module 'AndroidTargetPlatform' loaded TargetPlatform 'Android_ETC2'
[2020.03.12-06.20.47:644][  0]LogTemp: Display: Module 'AndroidTargetPlatform' loaded TargetPlatform 'Android_PVRTC'
[2020.03.12-06.20.47:644][  0]LogTemp: Display: Module 'AndroidTargetPlatform' loaded TargetPlatform 'AndroidClient'
[2020.03.12-06.20.47:644][  0]LogTemp: Display: Module 'AndroidTargetPlatform' loaded TargetPlatform 'Android_ASTCClient'
[2020.03.12-06.20.47:644][  0]LogTemp: Display: Module 'AndroidTargetPlatform' loaded TargetPlatform 'Android_ATCClient'
[2020.03.12-06.20.47:644][  0]LogTemp: Display: Module 'AndroidTargetPlatform' loaded TargetPlatform 'Android_DXTClient'
[2020.03.12-06.20.47:644][  0]LogTemp: Display: Module 'AndroidTargetPlatform' loaded TargetPlatform 'Android_ETC1Client'
[2020.03.12-06.20.47:644][  0]LogTemp: Display: Module 'AndroidTargetPlatform' loaded TargetPlatform 'Android_ETC1aClient'
[2020.03.12-06.20.47:644][  0]LogTemp: Display: Module 'AndroidTargetPlatform' loaded TargetPlatform 'Android_ETC2Client'
[2020.03.12-06.20.47:644][  0]LogTemp: Display: Module 'AndroidTargetPlatform' loaded TargetPlatform 'Android_PVRTCClient'
[2020.03.12-06.20.47:644][  0]LogTemp: Display: Module 'AndroidTargetPlatform' loaded TargetPlatform 'Android_Multi'
[2020.03.12-06.20.47:644][  0]LogTemp: Display: Module 'AndroidTargetPlatform' loaded TargetPlatform 'Android_MultiClient'
[2020.03.12-06.20.47:647][  0]LogTemp: Display: Module 'HTML5TargetPlatform' loaded TargetPlatform 'HTML5'
[2020.03.12-06.20.47:696][  0]LogTemp: Display: Module 'IOSTargetPlatform' loaded TargetPlatform 'IOSClient'
[2020.03.12-06.20.47:696][  0]LogTemp: Display: Module 'IOSTargetPlatform' loaded TargetPlatform 'IOS'
[2020.03.12-06.20.47:715][  0]LogTemp: Display: Module 'TVOSTargetPlatform' loaded TargetPlatform 'TVOSClient'
[2020.03.12-06.20.47:715][  0]LogTemp: Display: Module 'TVOSTargetPlatform' loaded TargetPlatform 'TVOS'
[2020.03.12-06.20.47:725][  0]LogTemp: Display: Module 'LinuxClientTargetPlatform' loaded TargetPlatform 'LinuxClient'
[2020.03.12-06.20.47:736][  0]LogTemp: Display: Module 'LinuxNoEditorTargetPlatform' loaded TargetPlatform 'LinuxNoEditor'
[2020.03.12-06.20.47:746][  0]LogTemp: Display: Module 'LinuxServerTargetPlatform' loaded TargetPlatform 'LinuxServer'
[2020.03.12-06.20.47:757][  0]LogTemp: Display: Module 'LinuxTargetPlatform' loaded TargetPlatform 'Linux'
[2020.03.12-06.20.47:789][  0]LogTemp: Display: Module 'LuminTargetPlatform' loaded TargetPlatform 'Lumin'
[2020.03.12-06.20.47:790][  0]LogTemp: Display: Module 'LuminTargetPlatform' loaded TargetPlatform 'LuminClient'
[2020.03.12-06.20.47:790][  0]LogTargetPlatformManager: Display: Building Assets For Windows
[2020.03.12-06.20.47:805][  0]LogAudioDebug: Display: Lib vorbis DLL was dynamically loaded.
[2020.03.12-06.20.47:893][  0]LogShaderCompilers: Guid format shader working directory is 7 characters bigger than the processId version (../../../../../../OProjects/AISystem1/Intermediate/Shaders/WorkingDirectory/23980/).
[2020.03.12-06.20.47:893][  0]LogShaderCompilers: Cleaned the shader compiler working directory 'C:/Users/wang/AppData/Local/Temp/UnrealShaderWorkingDir/78DD76C2469403BA5A0131817CD98294/'.
[2020.03.12-06.20.47:894][  0]LogXGEController: Cleaning working directory: C:/Users/wang/AppData/Local/Temp/UnrealXGEWorkingDir/
[2020.03.12-06.20.47:894][  0]LogXGEController: Cannot use XGE Controller as Incredibuild is not installed on this machine.
[2020.03.12-06.20.47:894][  0]LogShaderCompilers: Cannot use XGE Shader Compiler as Incredibuild is not installed on this machine.
[2020.03.12-06.20.47:894][  0]LogShaderCompilers: Display: Using Local Shader Compiler.
[2020.03.12-06.20.48:291][  0]LogDerivedDataCache: Display: Max Cache Size: 512 MB
[2020.03.12-06.20.48:331][  0]LogDerivedDataCache: Loaded boot cache 0.04s 75MB C:/Users/wang/AppData/Local/UnrealEngine/4.22/DerivedDataCache/Boot.ddc.
[2020.03.12-06.20.48:332][  0]LogDerivedDataCache: Display: Loaded Boot cache: C:/Users/wang/AppData/Local/UnrealEngine/4.22/DerivedDataCache/Boot.ddc
[2020.03.12-06.20.48:332][  0]LogDerivedDataCache: FDerivedDataBackendGraph:  Pak pak cache file ../../../../../../OProjects/AISystem1/DerivedDataCache/DDC.ddp not found, will not use a pak cache.
[2020.03.12-06.20.48:332][  0]LogDerivedDataCache: Unable to find inner node Pak for hierarchical cache Hierarchy.
[2020.03.12-06.20.48:332][  0]LogDerivedDataCache: FDerivedDataBackendGraph:  CompressedPak pak cache file ../../../../../../OProjects/AISystem1/DerivedDataCache/Compressed.ddp not found, will not use a pak cache.
[2020.03.12-06.20.48:332][  0]LogDerivedDataCache: Unable to find inner node CompressedPak for hierarchical cache Hierarchy.
[2020.03.12-06.20.48:341][  0]LogDerivedDataCache: Display: Pak cache opened for reading ../../../Engine/DerivedDataCache/Compressed.ddp.
[2020.03.12-06.20.48:341][  0]LogDerivedDataCache: FDerivedDataBackendGraph:  EnterprisePak pak cache file ../../../Enterprise/DerivedDataCache/Compressed.ddp not found, will not use a pak cache.
[2020.03.12-06.20.48:342][  0]LogDerivedDataCache: Unable to find inner node EnterprisePak for hierarchical cache Hierarchy.
[2020.03.12-06.20.48:354][  0]LogDerivedDataCache: Using Local data cache path ../../../../../../OProjects/AISystem1/DerivedDataCache: Writable
[2020.03.12-06.20.48:354][  0]LogDerivedDataCache: Shared data cache path not found in *engine.ini, will not use an Shared cache.
[2020.03.12-06.20.48:354][  0]LogDerivedDataCache: Unable to find inner node Shared for hierarchical cache Hierarchy.
[2020.03.12-06.20.48:370][  0]LogMaterial: Verifying Global Shaders for PCD3D_SM5
[2020.03.12-06.20.48:371][  0]LogSlate: Using FreeType 2.6.0
[2020.03.12-06.20.48:371][  0]LogSlate: SlateFontServices - WITH_FREETYPE: 1, WITH_HARFBUZZ: 1
[2020.03.12-06.20.48:435][  0]LogAssetRegistry: FAssetRegistry took 0.0316 seconds to start up
[2020.03.12-06.20.48:647][  0]LogInit: Selected Device Profile: [Windows]
[2020.03.12-06.20.48:770][  0]LogMeshReduction: Using QuadricMeshReduction for automatic static mesh reduction
[2020.03.12-06.20.48:770][  0]LogMeshReduction: Using SimplygonMeshReduction for automatic skeletal mesh reduction
[2020.03.12-06.20.48:770][  0]LogMeshReduction: Using ProxyLODMeshReduction for automatic mesh merging
[2020.03.12-06.20.48:770][  0]LogMeshReduction: No distributed automatic mesh merging module available
[2020.03.12-06.20.48:770][  0]LogMeshMerging: No distributed automatic mesh merging module available
[2020.03.12-06.20.48:777][  0]LogNetVersion: AISystem1 1.0.0, NetCL: 5660361, EngineNetVer: 10, GameNetVer: 0 (Checksum: 2513063136)
[2020.03.12-06.20.49:091][  0]LogPackageLocalizationCache: Processed 10 localized package path(s) for 4 prioritized culture(s) in 0.085015 seconds
[2020.03.12-06.20.49:096][  0]LogUObjectArray: 42205 objects as part of root set at end of initial load.
[2020.03.12-06.20.49:096][  0]LogUObjectAllocator: 7325032 out of 0 bytes used by permanent object pool.
[2020.03.12-06.20.49:096][  0]LogUObjectArray: CloseDisregardForGC: 0/0 objects in disregard for GC pool
[2020.03.12-06.20.49:832][  0]LogTcpMessaging: Initializing TcpMessaging bridge
[2020.03.12-06.20.49:849][  0]LogUdpMessaging: Initializing bridge on interface 0.0.0.0:0 to multicast group 230.0.0.1:6666.
[2020.03.12-06.20.50:112][  0]SourceControl: 源码控制已禁用
[2020.03.12-06.20.50:112][  0]SourceControl: 源码控制已禁用
[2020.03.12-06.20.50:122][  0]SourceControl: 源码控制已禁用
[2020.03.12-06.20.50:126][  0]SourceControl: 源码控制已禁用
[2020.03.12-06.20.50:319][  0]LogAndroidPermission: UAndroidPermissionCallbackProxy::GetInstance
[2020.03.12-06.20.50:445][  0]LogOcInput: OculusInput pre-init called
[2020.03.12-06.20.50:941][  0]LogEngine: Initializing Engine...
[2020.03.12-06.20.50:941][  0]LogHMD: Failed to initialize OpenVR with code 110
[2020.03.12-06.20.50:942][  0]LogStats: UGameplayTagsManager::InitializeManager -  0.000 s
[2020.03.12-06.20.51:087][  0]LogInit: Initializing FReadOnlyCVARCache
[2020.03.12-06.20.51:100][  0]LogAIModule: Creating AISystem for world Untitled
[2020.03.12-06.20.51:139][  0]LogInit: XAudio2 using '扬声器 (Realtek(R) Audio)' : 2 channels at 48 kHz using 32 bits per sample (channel mask 0x3)
[2020.03.12-06.20.51:174][  0]LogInit: FAudioDevice initialized.
[2020.03.12-06.20.51:175][  0]LogNetVersion: Set ProjectVersion to 1.0.0.0. Version Checksum will be recalculated on next use.
[2020.03.12-06.20.51:214][  0]LogDerivedDataCache: Saved boot cache 0.04s 75MB C:/Users/wang/AppData/Local/UnrealEngine/4.22/DerivedDataCache/Boot.ddc.
[2020.03.12-06.20.51:222][  0]LogInit: Texture streaming: Enabled
[2020.03.12-06.20.51:246][  0]LogEngineSessionManager: EngineSessionManager initialized
[2020.03.12-06.20.51:262][  0]LogInit: Transaction tracking system initialized
[2020.03.12-06.20.51:295][  0]BlueprintLog: New page: 编辑器加载
[2020.03.12-06.20.51:432][  0]LocalizationService: 本地化服务已禁用
[2020.03.12-06.20.51:864][  0]LogFileCache: Scanning file cache for directory 'D:/OProjects/AISystem1/Content/' took 0.01s
[2020.03.12-06.20.51:864][  0]LogCook: Display: Max memory allowance for cook 16384mb min free memory 0mb
[2020.03.12-06.20.51:864][  0]LogCook: Display: Mobile HDR setting 1
[2020.03.12-06.20.52:097][  0]SourceControl: 源码控制已禁用
[2020.03.12-06.20.52:098][  0]Cmd: MAP LOAD FILE="../../../../../../OProjects/AISystem1/Content/ThirdPersonCPP/Maps/ThirdPersonExampleMap.umap" TEMPLATE=0 SHOWPROGRESS=1 FEATURELEVEL=3
[2020.03.12-06.20.52:098][  0]LightingResults: New page: 光照构建
[2020.03.12-06.20.52:099][  0]MapCheck: New page: 地图检测
[2020.03.12-06.20.52:099][  0]LightingResults: New page: 光照构建
[2020.03.12-06.20.52:122][  0]LogUObjectHash: Compacting FUObjectHashTables data took   1.38ms
[2020.03.12-06.20.52:178][  0]LogAIModule: Creating AISystem for world ThirdPersonExampleMap
[2020.03.12-06.20.52:186][  0]LogEditorServer: Finished looking for orphan Actors (0.000 secs)
[2020.03.12-06.20.52:208][  0]LogUObjectHash: Compacting FUObjectHashTables data took   1.43ms
[2020.03.12-06.20.52:208][  0]Cmd: MAP CHECKDEP NOCLEARLOG
[2020.03.12-06.20.52:208][  0]MapCheck: 地图检测完成：0个错误，0 个警告，用时0.08毫秒完成。
[2020.03.12-06.20.52:208][  0]LogFileHelpers: Loading map 'ThirdPersonExampleMap' took 0.110
[2020.03.12-06.20.52:309][  0]LogSlate: Updating window title bar state: overlay mode, drag disabled, window buttons hidden, title bar hidden
[2020.03.12-06.20.52:316][  0]LogSlate: Updating window title bar state: overlay mode, drag disabled, window buttons hidden, title bar hidden
[2020.03.12-06.20.52:322][  0]LogSlate: Updating window title bar state: overlay mode, drag disabled, window buttons hidden, title bar hidden
[2020.03.12-06.20.52:328][  0]LogSlate: Updating window title bar state: overlay mode, drag disabled, window buttons hidden, title bar hidden
[2020.03.12-06.20.52:334][  0]LogCollectionManager: Loaded 0 collections in 0.000834 seconds
[2020.03.12-06.20.52:350][  0]LogFileCache: Scanning file cache for directory 'D:/OProjects/AISystem1/Saved/Collections/' took 0.01s
[2020.03.12-06.20.52:351][  0]LogFileCache: Scanning file cache for directory 'D:/OProjects/AISystem1/Content/Developers/wang/Collections/' took 0.00s
[2020.03.12-06.20.52:351][  0]LogFileCache: Scanning file cache for directory 'D:/OProjects/AISystem1/Content/Collections/' took 0.00s
[2020.03.12-06.20.52:351][  0]LogCollectionManager: Rebuilt the GUID cache for 0 collections in 0.000000 seconds
[2020.03.12-06.20.52:357][  0]LogContentBrowser: Native class hierarchy populated in 0.0064 seconds. Added 2734 classes and 661 folders.
[2020.03.12-06.20.52:362][  0]LogContentBrowser: Native class hierarchy updated for 'WidgetCarousel' in 0.0003 seconds. Added 0 classes and 0 folders.
[2020.03.12-06.20.52:363][  0]LogPakFile: Registered encryption key '00000000000000000000000000000000': 0 pak files mounted, 0 remain pending
[2020.03.12-06.20.52:364][  0]LogPakFile: Registered encryption key '00000000000000000000000000000000': 0 pak files mounted, 0 remain pending
[2020.03.12-06.20.52:364][  0]LogPakFile: Registered encryption key '00000000000000000000000000000000': 0 pak files mounted, 0 remain pending
[2020.03.12-06.20.52:365][  0]LogPakFile: Registered encryption key '00000000000000000000000000000000': 0 pak files mounted, 0 remain pending
[2020.03.12-06.20.52:365][  0]LogPakFile: Registered encryption key '00000000000000000000000000000000': 0 pak files mounted, 0 remain pending
[2020.03.12-06.20.52:365][  0]LogPakFile: Registered encryption key '00000000000000000000000000000000': 0 pak files mounted, 0 remain pending
[2020.03.12-06.20.52:366][  0]LogPakFile: Registered encryption key '00000000000000000000000000000000': 0 pak files mounted, 0 remain pending
[2020.03.12-06.20.52:366][  0]LogPakFile: Registered encryption key '00000000000000000000000000000000': 0 pak files mounted, 0 remain pending
[2020.03.12-06.20.52:367][  0]LogPakFile: Registered encryption key '00000000000000000000000000000000': 0 pak files mounted, 0 remain pending
[2020.03.12-06.20.52:367][  0]LogPakFile: Registered encryption key '00000000000000000000000000000000': 0 pak files mounted, 0 remain pending
[2020.03.12-06.20.52:367][  0]LogPakFile: Registered encryption key '00000000000000000000000000000000': 0 pak files mounted, 0 remain pending
[2020.03.12-06.20.52:368][  0]LogPakFile: Registered encryption key '00000000000000000000000000000000': 0 pak files mounted, 0 remain pending
[2020.03.12-06.20.52:368][  0]LogPakFile: Registered encryption key '00000000000000000000000000000000': 0 pak files mounted, 0 remain pending
[2020.03.12-06.20.52:368][  0]LogPakFile: Registered encryption key '00000000000000000000000000000000': 0 pak files mounted, 0 remain pending
[2020.03.12-06.20.52:369][  0]LogPakFile: Registered encryption key '00000000000000000000000000000000': 0 pak files mounted, 0 remain pending
[2020.03.12-06.20.52:369][  0]LogPakFile: Registered encryption key '00000000000000000000000000000000': 0 pak files mounted, 0 remain pending
[2020.03.12-06.20.52:369][  0]LogPakFile: Registered encryption key '00000000000000000000000000000000': 0 pak files mounted, 0 remain pending
[2020.03.12-06.20.52:370][  0]LogPakFile: Registered encryption key '00000000000000000000000000000000': 0 pak files mounted, 0 remain pending
[2020.03.12-06.20.52:370][  0]LogPakFile: Registered encryption key '00000000000000000000000000000000': 0 pak files mounted, 0 remain pending
[2020.03.12-06.20.52:370][  0]LogPakFile: Registered encryption key '00000000000000000000000000000000': 0 pak files mounted, 0 remain pending
[2020.03.12-06.20.52:371][  0]LogPakFile: Registered encryption key '00000000000000000000000000000000': 0 pak files mounted, 0 remain pending
[2020.03.12-06.20.52:371][  0]LogPakFile: Registered encryption key '00000000000000000000000000000000': 0 pak files mounted, 0 remain pending
[2020.03.12-06.20.52:371][  0]LogPakFile: Registered encryption key '00000000000000000000000000000000': 0 pak files mounted, 0 remain pending
[2020.03.12-06.20.52:372][  0]LogPakFile: Registered encryption key '00000000000000000000000000000000': 0 pak files mounted, 0 remain pending
[2020.03.12-06.20.52:372][  0]LogPakFile: Registered encryption key '00000000000000000000000000000000': 0 pak files mounted, 0 remain pending
[2020.03.12-06.20.52:373][  0]LogPakFile: Registered encryption key '00000000000000000000000000000000': 0 pak files mounted, 0 remain pending
[2020.03.12-06.20.52:388][  0]LogContentBrowser: Native class hierarchy updated for 'AddContentDialog' in 0.0003 seconds. Added 0 classes and 0 folders.
[2020.03.12-06.20.52:398][  0]LogContentBrowser: Native class hierarchy updated for 'SceneOutliner' in 0.0003 seconds. Added 1 classes and 2 folders.
[2020.03.12-06.20.52:409][  0]LogContentBrowser: Native class hierarchy updated for 'WorldBrowser' in 0.0003 seconds. Added 2 classes and 3 folders.
[2020.03.12-06.20.52:458][  0]LogSlate: Took 0.000133 seconds to synchronously load lazily loaded font '../../../Engine/Content/Slate/Fonts/Roboto-Regular.ttf' (155K)
[2020.03.12-06.20.52:460][  0]LogSlate: Took 0.001477 seconds to synchronously load lazily loaded font '../../../Engine/Content/Slate/Fonts/DroidSansFallback.ttf' (3848K)
[2020.03.12-06.20.52:461][  0]LogSlate: Took 0.000109 seconds to synchronously load lazily loaded font '../../../Engine/Content/Slate/Fonts/Roboto-Bold.ttf' (160K)
[2020.03.12-06.20.52:464][  0]LogSlate: Took 0.000115 seconds to synchronously load lazily loaded font '../../../Engine/Content/Editor/Slate/Fonts/FontAwesome.ttf' (139K)
[2020.03.12-06.20.52:505][  0]LogRenderer: Reallocating scene render targets to support 1056x544 Format 10 NumSamples 1 (Frame:1).
[2020.03.12-06.20.52:628][  0]LogContentBrowser: Native class hierarchy updated for 'HierarchicalLODOutliner' in 0.0003 seconds. Added 0 classes and 0 folders.
[2020.03.12-06.20.52:629][  0]LogLoad: (Engine Initialization) Total time: 7.24 seconds
[2020.03.12-06.20.52:629][  0]LogLoad: (Engine Initialization) Total Blueprint compile time: 0.00 seconds
[2020.03.12-06.20.52:653][  0]LogAssetRegistry: Asset discovery search completed in 4.2421 seconds
[2020.03.12-06.20.52:655][  0]LogCollectionManager: Rebuilt the object cache for 0 collections in 0.000000 seconds (found 0 objects)
[2020.03.12-06.20.52:655][  0]LogCollectionManager: Fixed up redirectors for 0 collections in 0.000160 seconds (updated 0 objects)
[2020.03.12-06.20.52:656][  0]LogContentStreaming: Texture pool size now 1000 MB
[2020.03.12-06.20.52:683][  0]LogSlate: Took 0.000114 seconds to synchronously load lazily loaded font '../../../Engine/Content/Slate/Fonts/Roboto-Light.ttf' (167K)
[2020.03.12-06.20.54:590][224]LogSlate: FSceneViewport::OnFocusLost() reason 2
[2020.03.12-06.20.55:245][303]LogTemp: Repeating last play command: 选中的视口
[2020.03.12-06.20.55:254][303]LogBlueprintUserMessages: Early PlayInEditor Detection: Level '/Game/ThirdPersonCPP/Maps/ThirdPersonExampleMap.ThirdPersonExampleMap:PersistentLevel' has LevelScriptBlueprint '/Game/ThirdPersonCPP/Maps/ThirdPersonExampleMap.ThirdPersonExampleMap:PersistentLevel.ThirdPersonExampleMap' with GeneratedClass '/Game/ThirdPersonCPP/Maps/ThirdPersonExampleMap.ThirdPersonExampleMap_C' with ClassGeneratedBy '/Game/ThirdPersonCPP/Maps/ThirdPersonExampleMap.ThirdPersonExampleMap:PersistentLevel.ThirdPersonExampleMap'
[2020.03.12-06.20.55:254][303]LogPlayLevel: PlayLevel: No blueprints needed recompiling
[2020.03.12-06.20.55:254][303]PIE: New page: PIE会话: ThirdPersonExampleMap (2020年3月12日 下午10:20:55)
[2020.03.12-06.20.55:268][303]LogPlayLevel: Creating play world package: /Game/ThirdPersonCPP/Maps/UEDPIE_1_ThirdPersonExampleMap
[2020.03.12-06.20.55:280][303]LogPlayLevel: PIE: StaticDuplicateObject took: (0.011398s)
[2020.03.12-06.20.55:280][303]LogAIModule: Creating AISystem for world ThirdPersonExampleMap
[2020.03.12-06.20.55:281][303]LogPlayLevel: PIE: World Init took: (0.000702s)
[2020.03.12-06.20.55:281][303]LogPlayLevel: PIE: Created PIE world by copying editor world from /Game/ThirdPersonCPP/Maps/ThirdPersonExampleMap.ThirdPersonExampleMap to /Game/ThirdPersonCPP/Maps/UEDPIE_1_ThirdPersonExampleMap.ThirdPersonExampleMap (0.012632s)
[2020.03.12-06.20.55:302][303]LogUObjectHash: Compacting FUObjectHashTables data took   0.78ms
[2020.03.12-06.20.55:316][303]LogLoad: Game class is 'AISystem1GameMode'
[2020.03.12-06.20.55:325][303]LogWorld: Bringing World /Game/ThirdPersonCPP/Maps/UEDPIE_1_ThirdPersonExampleMap.ThirdPersonExampleMap up for play (max tick rate 0) at 2020.03.12-14.20.55
[2020.03.12-06.20.55:326][303]LogWorld: Bringing up level for play took: 0.004697
[2020.03.12-06.20.55:327][303]LogTemp: Display: ParseSettings for GameNetDriver
[2020.03.12-06.20.55:327][303]LogTemp: Display: ParseSettings for IpNetDriver_0
[2020.03.12-06.20.55:328][303]LogTemp: Display: ParseSettings for GameNetDriver
[2020.03.12-06.20.55:328][303]LogNet: ReplicationDriverClass is null! Not using ReplicationDriver.
[2020.03.12-06.20.55:328][303]PacketHandlerLog: DDoS detection status: detection enabled: 0 analytics enabled: 0
[2020.03.12-06.20.55:328][303]LogInit: WinSock: Socket queue 131072 / 131072
[2020.03.12-06.20.55:332][303]LogInit: WinSock: I am DESKTOP-79C879U (10.0.1.41:0)
[2020.03.12-06.20.55:332][303]PacketHandlerLog: Loaded PacketHandler component: Engine.EngineHandlerComponentFactory (StatelessConnectHandlerComponent)
[2020.03.12-06.20.55:332][303]LogNet: GameNetDriver IpNetDriver_0 IpNetDriver listening on port 17777
[2020.03.12-06.20.55:332][303]LogTemp: Warning: NameTree: Selector, index: 0
[2020.03.12-06.21.07:771][303]LogTemp: Warning: NameTree: ActionWalk, index: 0
[2020.03.12-06.21.19:505][303]PIE: /Game/ThirdPersonCPP/Maps/UEDPIE_1_ThirdPersonExampleMap的‘在编辑器中播放’的起始时间23.461
[2020.03.12-06.21.19:515][303]LogInit: XAudio2 using '扬声器 (Realtek(R) Audio)' : 2 channels at 48 kHz using 32 bits per sample (channel mask 0x3)
[2020.03.12-06.21.19:529][303]LogInit: FAudioDevice initialized.
[2020.03.12-06.21.19:568][303]LogNet: Browse: 127.0.0.1:17777//Game/ThirdPersonCPP/Maps/ThirdPersonExampleMap
[2020.03.12-06.21.19:568][303]LogTemp: Display: ParseSettings for GameNetDriver
[2020.03.12-06.21.19:568][303]LogTemp: Display: ParseSettings for IpNetDriver_1
[2020.03.12-06.21.19:569][303]LogTemp: Display: ParseSettings for PendingNetDriver
[2020.03.12-06.21.19:569][303]LogInit: WinSock: Socket queue 32768 / 32768
[2020.03.12-06.21.19:569][303]PacketHandlerLog: Loaded PacketHandler component: Engine.EngineHandlerComponentFactory (StatelessConnectHandlerComponent)
[2020.03.12-06.21.19:569][303]LogNet: Game client on port 17777, rate 10000
[2020.03.12-06.21.19:570][303]PIE: /Game/ThirdPersonCPP/Maps/ThirdPersonExampleMap的‘在编辑器中播放’的起始时间23.526
[2020.03.12-06.21.19:571][303]LogBlueprintUserMessages: Late PlayInEditor Detection: Level '/Game/ThirdPersonCPP/Maps/ThirdPersonExampleMap.ThirdPersonExampleMap:PersistentLevel' has LevelScriptBlueprint '/Game/ThirdPersonCPP/Maps/ThirdPersonExampleMap.ThirdPersonExampleMap:PersistentLevel.ThirdPersonExampleMap' with GeneratedClass '/Game/ThirdPersonCPP/Maps/ThirdPersonExampleMap.ThirdPersonExampleMap_C' with ClassGeneratedBy '/Game/ThirdPersonCPP/Maps/ThirdPersonExampleMap.ThirdPersonExampleMap:PersistentLevel.ThirdPersonExampleMap'
[2020.03.12-06.21.19:572][303]LogNet: UNetDriver::TickDispatch: Very long time between ticks. DeltaTime: 0.01, Realtime: 24.24. IpNetDriver_0
[2020.03.12-06.21.19:572][303]LogNet: NotifyAcceptingConnection accepted from: 127.0.0.1:52390
[2020.03.12-06.21.19:572][303]LogHandshake: SendConnectChallenge. Timestamp: 0.008334, Cookie: 129131194071245087245246058160239106084001144111015197191188
[2020.03.12-06.21.19:572][303]LogTemp: Warning: Walk Begin~
[2020.03.12-06.21.19:589][303]LogHandshake: SendChallengeResponse. Timestamp: 0.008334, Cookie: 129131194071245087245246058160239106084001144111015197191188
[2020.03.12-06.21.19:601][304]LogNet: UNetDriver::TickDispatch: Very long time between ticks. DeltaTime: 24.35, Realtime: 0.03. IpNetDriver_0
[2020.03.12-06.21.19:601][304]LogNet: NotifyAcceptingConnection accepted from: 127.0.0.1:52390
[2020.03.12-06.21.19:601][304]LogHandshake: SendChallengeAck. InCookie: 129131194071245087245246058160239106084001144111015197191188
[2020.03.12-06.21.19:601][304]LogNet: Server accepting post-challenge connection from: 127.0.0.1:52390
[2020.03.12-06.21.19:602][304]PacketHandlerLog: Loaded PacketHandler component: Engine.EngineHandlerComponentFactory (StatelessConnectHandlerComponent)
[2020.03.12-06.21.19:602][304]LogNet: NotifyAcceptedConnection: Name: ThirdPersonExampleMap, TimeStamp: 03/12/20 14:21:19, [UNetConnection] RemoteAddr: 127.0.0.1:52390, Name: IpConnection_1, Driver: GameNetDriver IpNetDriver_0, IsServer: YES, PC: NULL, Owner: NULL, UniqueId: INVALID
[2020.03.12-06.21.19:602][304]LogNet: AddClientConnection: Added client connection: [UNetConnection] RemoteAddr: 127.0.0.1:52390, Name: IpConnection_1, Driver: GameNetDriver IpNetDriver_0, IsServer: YES, PC: NULL, Owner: NULL, UniqueId: INVALID
[2020.03.12-06.21.19:602][304]LogNet: UNetDriver::TickDispatch: Very long time between ticks. DeltaTime: 24.35, Realtime: 0.01. IpNetDriver_1
[2020.03.12-06.21.19:603][304]LogNetVersion: AISystem1 1.0.0.0, NetCL: 5660361, EngineNetVer: 10, GameNetVer: 0 (Checksum: 708271763)
[2020.03.12-06.21.19:603][304]LogNet: UPendingNetGame::SendInitialJoin: Sending hello. [UNetConnection] RemoteAddr: 127.0.0.1:17777, Name: IpConnection_0, Driver: PendingNetDriver IpNetDriver_1, IsServer: NO, PC: NULL, Owner: NULL, UniqueId: INVALID
[2020.03.12-06.21.19:942][305]LogNet: NotifyAcceptingChannel Control 0 server World /Game/ThirdPersonCPP/Maps/UEDPIE_1_ThirdPersonExampleMap.ThirdPersonExampleMap: Accepted
[2020.03.12-06.21.19:942][305]LogNet: Remote platform little endian=1
[2020.03.12-06.21.19:943][305]LogNet: This platform little endian=1
[2020.03.12-06.21.20:273][306]LogNet: Login request: /Game/ThirdPersonCPP/Maps/ThirdPersonExampleMap?Name=DESKTOP-79C879U-5EAC4DDC4E82DC0875CF2D9FB3E21089 userId: NULL:DESKTOP-79C879U-5EAC4DDC4E82DC0875CF2D9FB3E21089 platform: NULL
[2020.03.12-06.21.20:276][306]LogNet: Welcomed by server (Level: /Game/ThirdPersonCPP/Maps/UEDPIE_1_ThirdPersonExampleMap, Game: /Script/AISystem1.AISystem1GameMode)
[2020.03.12-06.21.20:277][306]LogLoad: LoadMap: 127.0.0.1:17777//Game/ThirdPersonCPP/Maps/UEDPIE_1_ThirdPersonExampleMap?game=/Script/AISystem1.AISystem1GameMode
[2020.03.12-06.21.20:300][306]LogUObjectHash: Compacting FUObjectHashTables data took   1.05ms
[2020.03.12-06.21.20:310][306]LogAIModule: Creating AISystem for world ThirdPersonExampleMap
[2020.03.12-06.21.20:310][306]LogTemp: Display: ParseSettings for GameNetDriver
[2020.03.12-06.21.20:312][306]LogWorld: Bringing World /Game/ThirdPersonCPP/Maps/UEDPIE_2_ThirdPersonExampleMap.ThirdPersonExampleMap up for play (max tick rate 3) at 2020.03.12-14.21.20
[2020.03.12-06.21.20:313][306]LogWorld: Bringing up level for play took: 0.001450
[2020.03.12-06.21.20:313][306]LogLoad: Took 0.035718 seconds to LoadMap(/Game/ThirdPersonCPP/Maps/UEDPIE_1_ThirdPersonExampleMap)
[2020.03.12-06.21.20:601][307]LogNet: Client netspeed is 10000
[2020.03.12-06.21.20:601][307]LogNet: Join request: /Game/ThirdPersonCPP/Maps/ThirdPersonExampleMap?Name=DESKTOP-79C879U-5EAC4DDC4E82DC0875CF2D9FB3E21089?SplitscreenCount=1
[2020.03.12-06.21.20:601][307]LogOnlineSession: Warning: OSS: No game present to join for session (GameSession)
[2020.03.12-06.21.20:603][307]LogNet: Join succeeded: DESKTOP-79C879U-5EAC
[2020.03.12-06.21.20:613][308]LogOnlineSession: Warning: OSS: No game present to join for session (GameSession)
[2020.03.12-06.21.21:194][364]LogTemp: Warning: Walk Arrived~
[2020.03.12-06.21.21:202][365]LogTemp: Warning: Walk Begin~
[2020.03.12-06.21.23:193][604]LogTemp: Warning: Walk Arrived~
[2020.03.12-06.21.23:202][605]LogTemp: Warning: Walk Begin~
[2020.03.12-06.21.25:194][844]LogTemp: Warning: Walk Arrived~
[2020.03.12-06.21.25:203][845]LogTemp: Warning: Walk Begin~
[2020.03.12-06.21.27:194][ 84]LogTemp: Warning: Walk Arrived~
[2020.03.12-06.21.27:202][ 85]LogTemp: Warning: Walk Begin~
[2020.03.12-06.21.29:195][324]LogTemp: Warning: Walk Arrived~
[2020.03.12-06.21.29:202][325]LogTemp: Warning: Walk Begin~
[2020.03.12-06.21.31:194][564]LogTemp: Warning: Walk Arrived~
[2020.03.12-06.21.31:202][565]LogTemp: Warning: Walk Begin~
[2020.03.12-06.21.33:195][804]LogTemp: Warning: Walk Arrived~
[2020.03.12-06.21.33:203][805]LogTemp: Warning: Walk Begin~
[2020.03.12-06.21.35:208][888]LogTemp: Warning: Walk Arrived~
[2020.03.12-06.21.35:540][889]LogTemp: Warning: Walk Begin~
[2020.03.12-06.21.37:217][894]LogTemp: Warning: Walk Arrived~
[2020.03.12-06.21.37:550][895]LogTemp: Warning: Walk Begin~
[2020.03.12-06.21.39:223][900]LogTemp: Warning: Walk Arrived~
[2020.03.12-06.21.41:985][901]LogTemp: Warning: Walk Begin~
[2020.03.12-06.21.45:169][906]LogTemp: Warning: Walk Arrived~
[2020.03.12-06.21.45:333][907]LogTemp: Warning: Walk Begin~
[2020.03.12-06.21.50:344][912]LogTemp: Warning: Walk Arrived~
[2020.03.12-06.21.50:678][913]LogTemp: Warning: Walk Begin~
[2020.03.12-06.21.52:339][ 19]LogTemp: Warning: Walk Arrived~
[2020.03.12-06.21.52:348][ 20]LogTemp: Warning: Walk Begin~
[2020.03.12-06.21.54:473][ 40]LogTemp: Warning: Walk Arrived~
[2020.03.12-06.21.54:809][ 41]LogTemp: Warning: Walk Begin~
[2020.03.12-06.21.56:496][ 46]LogTemp: Warning: Walk Arrived~
[2020.03.12-06.21.56:810][ 47]LogTemp: Warning: Walk Begin~
[2020.03.12-06.21.58:483][ 52]LogTemp: Warning: Walk Arrived~
[2020.03.12-06.21.58:817][ 53]LogTemp: Warning: Walk Begin~
[2020.03.12-06.22.00:498][ 58]LogTemp: Warning: Walk Arrived~
[2020.03.12-06.22.00:835][ 59]LogTemp: Warning: Walk Begin~
[2020.03.12-06.22.02:507][ 64]LogTemp: Warning: Walk Arrived~
[2020.03.12-06.22.02:840][ 65]LogTemp: Warning: Walk Begin~
[2020.03.12-06.22.04:515][ 70]LogTemp: Warning: Walk Arrived~
[2020.03.12-06.22.04:847][ 71]LogTemp: Warning: Walk Begin~
[2020.03.12-06.22.08:401][ 76]LogTemp: Warning: Walk Arrived~
[2020.03.12-06.22.09:021][ 77]LogTemp: Warning: Walk Begin~
[2020.03.12-06.22.10:802][ 93]LogTemp: Warning: Walk Arrived~
[2020.03.12-06.22.11:425][ 94]LogTemp: Warning: Walk Begin~
[2020.03.12-06.22.13:095][113]LogTemp: Warning: Walk Arrived~
[2020.03.12-06.22.13:311][114]LogTemp: Warning: Walk Begin~
[2020.03.12-06.22.16:120][150]LogTemp: Warning: Walk Arrived~
[2020.03.12-06.22.16:133][151]LogTemp: Warning: Walk Begin~
[2020.03.12-06.22.17:936][172]LogTemp: Warning: Walk Arrived~
[2020.03.12-06.22.18:269][173]LogTemp: Warning: Walk Begin~
[2020.03.12-06.22.19:938][178]LogTemp: Warning: Walk Arrived~
[2020.03.12-06.22.20:277][179]LogTemp: Warning: Walk Begin~
[2020.03.12-06.22.21:948][184]LogTemp: Warning: Walk Arrived~
[2020.03.12-06.22.22:282][185]LogTemp: Warning: Walk Begin~
[2020.03.12-06.22.23:966][190]LogTemp: Warning: Walk Arrived~
[2020.03.12-06.22.24:298][191]LogTemp: Warning: Walk Begin~
[2020.03.12-06.22.25:970][196]LogTemp: Warning: Walk Arrived~
[2020.03.12-06.22.26:303][197]LogTemp: Warning: Walk Begin~
[2020.03.12-06.22.27:969][202]LogTemp: Warning: Walk Arrived~
[2020.03.12-06.22.28:303][203]LogTemp: Warning: Walk Begin~
[2020.03.12-06.22.29:975][208]LogTemp: Warning: Walk Arrived~
[2020.03.12-06.22.30:316][209]LogTemp: Warning: Walk Begin~
[2020.03.12-06.22.32:000][214]LogTemp: Warning: Walk Arrived~
[2020.03.12-06.22.32:341][215]LogTemp: Warning: Walk Begin~
[2020.03.12-06.22.34:017][220]LogTemp: Warning: Walk Arrived~
[2020.03.12-06.22.34:351][221]LogTemp: Warning: Walk Begin~
[2020.03.12-06.22.36:025][226]LogTemp: Warning: Walk Arrived~
[2020.03.12-06.22.36:359][227]LogTemp: Warning: Walk Begin~
[2020.03.12-06.22.38:027][232]LogTemp: Warning: Walk Arrived~
[2020.03.12-06.22.38:362][233]LogTemp: Warning: Walk Begin~
[2020.03.12-06.22.40:041][238]LogTemp: Warning: Walk Arrived~
[2020.03.12-06.22.40:374][239]LogTemp: Warning: Walk Begin~
[2020.03.12-06.22.42:049][244]LogTemp: Warning: Walk Arrived~
[2020.03.12-06.22.42:383][245]LogTemp: Warning: Walk Begin~
[2020.03.12-06.22.44:053][250]LogTemp: Warning: Walk Arrived~
[2020.03.12-06.22.44:388][251]LogTemp: Warning: Walk Begin~
[2020.03.12-06.22.46:055][256]LogTemp: Warning: Walk Arrived~
[2020.03.12-06.22.46:388][257]LogTemp: Warning: Walk Begin~
