Log file open, 03/12/20 14:10:26
LogWindows: Failed to load 'aqProf.dll' (GetLastError=126)
LogWindows: File 'aqProf.dll' does not exist
LogWindows: Failed to load 'VtuneApi.dll' (GetLastError=126)
LogWindows: File 'VtuneApi.dll' does not exist
LogConsoleResponse: Display: Failed to find resolution value strings in scalability ini. Falling back to default.
LogInit: Display: Running engine for game: AISystem1
LogPakFile: Registered encryption key '00000000000000000000000000000000': 0 pak files mounted, 0 remain pending
LogPlatformFile: Not using cached read wrapper
LogTaskGraph: Started task graph with 5 named threads and 26 total threads with 3 sets of task threads.
LogStats: Stats thread started at 0.368796
LogD3D11RHI: Loaded GFSDK_Aftermath_Lib.x64.dll
LogICUInternationalization: ICU TimeZone Detection - Raw Offset: +8:00, Platform Override: ''
LogPluginManager: Mounting plugin Paper2D
LogPluginManager: Mounting plugin AISupport
LogPluginManager: Mounting plugin LightPropagationVolume
LogPluginManager: Mounting plugin ActorLayerUtilities
LogPluginManager: Mounting plugin AnimationSharing
LogPluginManager: Mounting plugin CLionSourceCodeAccess
LogPluginManager: Mounting plugin CodeLiteSourceCodeAccess
LogPluginManager: Mounting plugin GitSourceControl
LogPluginManager: Mounting plugin KDevelopSourceCodeAccess
LogPluginManager: Mounting plugin NullSourceCodeAccess
LogPluginManager: Mounting plugin PerforceSourceControl
LogPluginManager: Mounting plugin SubversionSourceControl
LogPluginManager: Mounting plugin UObjectPlugin
LogPluginManager: Mounting plugin VisualStudioCodeSourceCodeAccess
LogPluginManager: Mounting plugin VisualStudioSourceCodeAccess
LogPluginManager: Mounting plugin XCodeSourceCodeAccess
LogPluginManager: Mounting plugin AssetManagerEditor
LogPluginManager: Mounting plugin CryptoKeys
LogPluginManager: Mounting plugin DataValidation
LogPluginManager: Mounting plugin FacialAnimation
LogPluginManager: Mounting plugin GameplayTagsEditor
LogPluginManager: Mounting plugin MacGraphicsSwitching
LogPluginManager: Mounting plugin MaterialAnalyzer
LogPluginManager: Mounting plugin MobileLauncherProfileWizard
LogPluginManager: Mounting plugin PluginBrowser
LogPluginManager: Mounting plugin SpeedTreeImporter
LogPluginManager: Mounting plugin DatasmithContent
LogPluginManager: Mounting plugin VariantManagerContent
LogPluginManager: Mounting plugin AlembicImporter
LogPluginManager: Mounting plugin AppleImageUtils
LogPluginManager: Mounting plugin AppleVision
LogPluginManager: Mounting plugin BackChannel
LogPluginManager: Mounting plugin CharacterAI
LogPluginManager: Mounting plugin GeometryCache
LogPluginManager: Mounting plugin HTML5Networking
LogPluginManager: Mounting plugin ProxyLODPlugin
LogPluginManager: Mounting plugin SkeletalReduction
LogPluginManager: Mounting plugin MagicLeap
LogPluginManager: Mounting plugin MagicLeapMedia
LogPluginManager: Mounting plugin AndroidMedia
LogPluginManager: Mounting plugin AvfMedia
LogPluginManager: Mounting plugin ImgMedia
LogPluginManager: Mounting plugin LinearTimecode
LogPluginManager: Mounting plugin MediaCompositing
LogPluginManager: Mounting plugin MediaPlayerEditor
LogPluginManager: Mounting plugin WebMMedia
LogPluginManager: Mounting plugin WmfMedia
LogPluginManager: Mounting plugin TcpMessaging
LogPluginManager: Mounting plugin UdpMessaging
LogPluginManager: Mounting plugin ActorSequence
LogPluginManager: Mounting plugin LevelSequenceEditor
LogPluginManager: Mounting plugin MatineeToLevelSequence
LogPluginManager: Mounting plugin NetcodeUnitTest
LogPluginManager: Mounting plugin NUTUnrealEngine4
LogPluginManager: Mounting plugin OnlineSubsystemGooglePlay
LogPluginManager: Mounting plugin OnlineSubsystemIOS
LogPluginManager: Mounting plugin OnlineSubsystem
LogPluginManager: Mounting plugin OnlineSubsystemNull
LogPluginManager: Mounting plugin OnlineSubsystemUtils
LogPluginManager: Mounting plugin LauncherChunkInstaller
LogPluginManager: Mounting plugin AndroidDeviceProfileSelector
LogPluginManager: Mounting plugin AndroidMoviePlayer
LogPluginManager: Mounting plugin AndroidPermission
LogPluginManager: Mounting plugin AppleMoviePlayer
LogPluginManager: Mounting plugin ArchVisCharacter
LogPluginManager: Mounting plugin AudioCapture
LogPluginManager: Mounting plugin CableComponent
LogPluginManager: Mounting plugin CustomMeshComponent
LogPluginManager: Mounting plugin EditableMesh
LogPluginManager: Mounting plugin ExampleDeviceProfileSelector
LogPluginManager: Mounting plugin Firebase
LogPluginManager: Mounting plugin GoogleCloudMessaging
LogPluginManager: Mounting plugin IOSDeviceProfileSelector
LogPluginManager: Mounting plugin LinuxDeviceProfileSelector
LogPluginManager: Mounting plugin LocationServicesBPLibrary
LogPluginManager: Mounting plugin MobilePatchingUtils
LogPluginManager: Mounting plugin OculusVR
LogPluginManager: Mounting plugin PhysXVehicles
LogPluginManager: Mounting plugin ProceduralMeshComponent
LogPluginManager: Mounting plugin RuntimePhysXCooking
LogPluginManager: Mounting plugin SignificanceManager
LogPluginManager: Mounting plugin SteamVR
LogPluginManager: Mounting plugin WebMMoviePlayer
LogPluginManager: Mounting plugin WindowsMoviePlayer
LogInit: Using libcurl 7.55.1-DEV
LogInit:  - built for x86_64-pc-win32
LogInit:  - supports SSL with OpenSSL/1.1.1
LogInit:  - supports HTTP deflate (compression) using libz 1.2.8
LogInit:  - other features:
LogInit:      CURL_VERSION_SSL
LogInit:      CURL_VERSION_LIBZ
LogInit:      CURL_VERSION_IPV6
LogInit:      CURL_VERSION_ASYNCHDNS
LogInit:      CURL_VERSION_LARGEFILE
LogInit:      CURL_VERSION_IDN
LogInit:  CurlRequestOptions (configurable via config and command line):
LogInit:  - bVerifyPeer = true  - Libcurl will verify peer certificate
LogInit:  - bUseHttpProxy = false  - Libcurl will NOT use HTTP proxy
LogInit:  - bDontReuseConnections = false  - Libcurl will reuse connections
LogInit:  - MaxHostConnections = 16  - Libcurl will limit the number of connections to a host
LogInit:  - LocalHostAddr = Default
LogInit:  - BufferSize = 65536
LogInit: WinSock: version 1.1 (2.2), MaxSocks=32767, MaxUdp=65467
LogInit: Build: ++UE4+Release-4.22-CL-7053642
LogInit: Engine Version: 4.22.3-7053642+++UE4+Release-4.22
LogInit: Compatible Engine Version: 4.22.0-5660361+++UE4+Release-4.22
LogInit: Net CL: 5660361
LogInit: OS: Windows 10 (Release 1809) (), CPU: Intel(R) Core(TM) i7-9700KF CPU @ 3.60GHz, GPU: NVIDIA GeForce GTX 1660 Ti
LogInit: Compiled (64-bit): Jun 18 2019 03:09:11
LogInit: Compiled with Visual C++: 19.16.27025.01
LogInit: Build Configuration: DebugGame
LogInit: Branch Name: ++UE4+Release-4.22
LogInit: Command Line:  -skipcompile
LogInit: Base Directory: D:/ProgramFiles/Epic/UE_4.22/Engine/Binaries/Win64/
LogInit: Installed Engine Build: 1
LogDevObjectVersion: Number of dev versions registered: 23
LogDevObjectVersion:   Dev-Blueprints (B0D832E4-1F89-4F0D-ACCF-7EB736FD4AA2): 10
LogDevObjectVersion:   Dev-Build (E1C64328-A22C-4D53-A36C-8E866417BD8C): 0
LogDevObjectVersion:   Dev-Core (375EC13C-06E4-48FB-B500-84F0262A717E): 3
LogDevObjectVersion:   Dev-Editor (E4B068ED-F494-42E9-A231-DA0B2E46BB41): 30
LogDevObjectVersion:   Dev-Framework (CFFC743F-43B0-4480-9391-14DF171D2073): 35
LogDevObjectVersion:   Dev-Mobile (B02B49B5-BB20-44E9-A304-32B752E40360): 2
LogDevObjectVersion:   Dev-Networking (A4E4105C-59A1-49B5-A7C5-40C4547EDFEE): 0
LogDevObjectVersion:   Dev-Online (39C831C9-5AE6-47DC-9A44-9C173E1C8E7C): 0
LogDevObjectVersion:   Dev-Physics (78F01B33-EBEA-4F98-B9B4-84EACCB95AA2): 0
LogDevObjectVersion:   Dev-Platform (6631380F-2D4D-43E0-8009-CF276956A95A): 0
LogDevObjectVersion:   Dev-Rendering (12F88B9F-8875-4AFC-A67C-D90C383ABD29): 28
LogDevObjectVersion:   Dev-Sequencer (7B5AE74C-D270-4C10-A958-57980B212A5A): 11
LogDevObjectVersion:   Dev-VR (D7296918-1DD6-4BDD-9DE2-64A83CC13884): 2
LogDevObjectVersion:   Dev-LoadTimes (C2A15278-BFE7-4AFE-6C17-90FF531DF755): 1
LogDevObjectVersion:   Private-Geometry (6EACA3D4-40EC-4CC1-B786-8BED09428FC5): 3
LogDevObjectVersion:   Dev-AnimPhys (29E575DD-E0A3-4627-9D10-D276232CDCEA): 17
LogDevObjectVersion:   Dev-Anim (AF43A65D-7FD3-4947-9873-3E8ED9C1BB05): 2
LogDevObjectVersion:   Dev-ReflectionCapture (6B266CEC-1EC7-4B8F-A30B-E4D90942FC07): 1
LogDevObjectVersion:   Dev-Automation (0DF73D61-A23F-47EA-B727-89E90C41499A): 1
LogDevObjectVersion:   FortniteMain (601D1886-AC64-4F84-AA16-D3DE0DEAC7D6): 25
LogDevObjectVersion:   Dev-Enterprise (9DFFBCD6-494F-0158-E221-12823C92A888): 6
LogDevObjectVersion:   Dev-Niagara (F2AED0AC-9AFE-416F-8664-AA7FFA26D6FC): 1
LogDevObjectVersion:   Dev-Destruction (174F1F0B-B4C6-45A5-B13F-2EE8D0FB917D): 2
LogInit: Presizing for max 16777216 objects, including 0 objects not considered by GC, pre-allocating 0 bytes for permanent pool.
LogInit: Object subsystem initialized
LogConfig: Setting CVar [[con.DebugEarlyDefault:1]]
LogConfig: Setting CVar [[r.setres:1280x720]]
[2020.03.12-06.10.26:646][  0]LogConfig: Setting CVar [[r.VSync:0]]
[2020.03.12-06.10.26:646][  0]LogConfig: Setting CVar [[r.RHICmdBypass:0]]
[2020.03.12-06.10.26:646][  0]LogConfig: Applying CVar settings from Section [/Script/Engine.RendererSettings] File [D:/OProjects/AISystem1/Saved/Config/Windows/Engine.ini]
[2020.03.12-06.10.26:646][  0]LogConfig: Setting CVar [[r.GPUCrashDebugging:0]]
[2020.03.12-06.10.26:646][  0]LogConfig: Applying CVar settings from Section [/Script/Engine.RendererOverrideSettings] File [D:/OProjects/AISystem1/Saved/Config/Windows/Engine.ini]
[2020.03.12-06.10.26:646][  0]LogConfig: Applying CVar settings from Section [/Script/Engine.StreamingSettings] File [D:/OProjects/AISystem1/Saved/Config/Windows/Engine.ini]
[2020.03.12-06.10.26:646][  0]LogConfig: Setting CVar [[s.MinBulkDataSizeForAsyncLoading:131072]]
[2020.03.12-06.10.26:646][  0]LogConfig: Setting CVar [[s.AsyncLoadingThreadEnabled:0]]
[2020.03.12-06.10.26:646][  0]LogConfig: Setting CVar [[s.EventDrivenLoaderEnabled:1]]
[2020.03.12-06.10.26:646][  0]LogConfig: Setting CVar [[s.WarnIfTimeLimitExceeded:0]]
[2020.03.12-06.10.26:646][  0]LogConfig: Setting CVar [[s.TimeLimitExceededMultiplier:1.5]]
[2020.03.12-06.10.26:647][  0]LogConfig: Setting CVar [[s.TimeLimitExceededMinTime:0.005]]
[2020.03.12-06.10.26:647][  0]LogConfig: Setting CVar [[s.UseBackgroundLevelStreaming:1]]
[2020.03.12-06.10.26:647][  0]LogConfig: Setting CVar [[s.PriorityAsyncLoadingExtraTime:15.0]]
[2020.03.12-06.10.26:647][  0]LogConfig: Setting CVar [[s.LevelStreamingActorsUpdateTimeLimit:5.0]]
[2020.03.12-06.10.26:647][  0]LogConfig: Setting CVar [[s.PriorityLevelStreamingActorsUpdateExtraTime:5.0]]
[2020.03.12-06.10.26:647][  0]LogConfig: Setting CVar [[s.LevelStreamingComponentsRegistrationGranularity:10]]
[2020.03.12-06.10.26:647][  0]LogConfig: Setting CVar [[s.UnregisterComponentsTimeLimit:1.0]]
[2020.03.12-06.10.26:647][  0]LogConfig: Setting CVar [[s.LevelStreamingComponentsUnregistrationGranularity:5]]
[2020.03.12-06.10.26:647][  0]LogConfig: Applying CVar settings from Section [/Script/Engine.GarbageCollectionSettings] File [D:/OProjects/AISystem1/Saved/Config/Windows/Engine.ini]
[2020.03.12-06.10.26:647][  0]LogConfig: Setting CVar [[gc.MaxObjectsNotConsideredByGC:1]]
[2020.03.12-06.10.26:647][  0]LogConfig: Setting CVar [[gc.SizeOfPermanentObjectPool:0]]
[2020.03.12-06.10.26:647][  0]LogConfig: Setting CVar [[gc.FlushStreamingOnGC:0]]
[2020.03.12-06.10.26:647][  0]LogConfig: Setting CVar [[gc.NumRetriesBeforeForcingGC:10]]
[2020.03.12-06.10.26:647][  0]LogConfig: Setting CVar [[gc.AllowParallelGC:1]]
[2020.03.12-06.10.26:647][  0]LogConfig: Setting CVar [[gc.TimeBetweenPurgingPendingKillObjects:61.1]]
[2020.03.12-06.10.26:647][  0]LogConfig: Setting CVar [[gc.MaxObjectsInEditor:16777216]]
[2020.03.12-06.10.26:647][  0]LogConfig: Setting CVar [[gc.IncrementalBeginDestroyEnabled:1]]
[2020.03.12-06.10.26:647][  0]LogConfig: Setting CVar [[gc.CreateGCClusters:1]]
[2020.03.12-06.10.26:647][  0]LogConfig: Setting CVar [[gc.MinGCClusterSize:5]]
[2020.03.12-06.10.26:647][  0]LogConfig: Setting CVar [[gc.ActorClusteringEnabled:0]]
[2020.03.12-06.10.26:647][  0]LogConfig: Setting CVar [[gc.BlueprintClusteringEnabled:0]]
[2020.03.12-06.10.26:647][  0]LogConfig: Setting CVar [[gc.UseDisregardForGCOnDedicatedServers:0]]
[2020.03.12-06.10.26:647][  0]LogConfig: Applying CVar settings from Section [/Script/Engine.NetworkSettings] File [D:/OProjects/AISystem1/Saved/Config/Windows/Engine.ini]
[2020.03.12-06.10.26:647][  0]LogConfig: Applying CVar settings from Section [/Script/UnrealEd.CookerSettings] File [D:/OProjects/AISystem1/Saved/Config/Windows/Engine.ini]
[2020.03.12-06.10.26:653][  0]LogConfig: Applying CVar settings from Section [ViewDistanceQuality@3] File [D:/OProjects/AISystem1/Saved/Config/Windows/Scalability.ini]
[2020.03.12-06.10.26:653][  0]LogConfig: Setting CVar [[r.SkeletalMeshLODBias:0]]
[2020.03.12-06.10.26:653][  0]LogConfig: Setting CVar [[r.ViewDistanceScale:1.0]]
[2020.03.12-06.10.26:653][  0]LogConfig: Applying CVar settings from Section [AntiAliasingQuality@3] File [D:/OProjects/AISystem1/Saved/Config/Windows/Scalability.ini]
[2020.03.12-06.10.26:653][  0]LogConfig: Setting CVar [[r.PostProcessAAQuality:4]]
[2020.03.12-06.10.26:653][  0]LogConfig: Applying CVar settings from Section [ShadowQuality@3] File [D:/OProjects/AISystem1/Saved/Config/Windows/Scalability.ini]
[2020.03.12-06.10.26:653][  0]LogConfig: Setting CVar [[r.LightFunctionQuality:1]]
[2020.03.12-06.10.26:653][  0]LogConfig: Setting CVar [[r.ShadowQuality:5]]
[2020.03.12-06.10.26:653][  0]LogConfig: Setting CVar [[r.Shadow.CSM.MaxCascades:10]]
[2020.03.12-06.10.26:653][  0]LogConfig: Setting CVar [[r.Shadow.MaxResolution:2048]]
[2020.03.12-06.10.26:653][  0]LogConfig: Setting CVar [[r.Shadow.MaxCSMResolution:2048]]
[2020.03.12-06.10.26:654][  0]LogConfig: Setting CVar [[r.Shadow.RadiusThreshold:0.01]]
[2020.03.12-06.10.26:654][  0]LogConfig: Setting CVar [[r.Shadow.DistanceScale:1.0]]
[2020.03.12-06.10.26:654][  0]LogConfig: Setting CVar [[r.Shadow.CSM.TransitionScale:1.0]]
[2020.03.12-06.10.26:654][  0]LogConfig: Setting CVar [[r.Shadow.PreShadowResolutionFactor:1.0]]
[2020.03.12-06.10.26:654][  0]LogConfig: Setting CVar [[r.DistanceFieldShadowing:1]]
[2020.03.12-06.10.26:654][  0]LogConfig: Setting CVar [[r.DistanceFieldAO:1]]
[2020.03.12-06.10.26:654][  0]LogConfig: Setting CVar [[r.AOQuality:2]]
[2020.03.12-06.10.26:654][  0]LogConfig: Setting CVar [[r.VolumetricFog:1]]
[2020.03.12-06.10.26:654][  0]LogConfig: Setting CVar [[r.VolumetricFog.GridPixelSize:8]]
[2020.03.12-06.10.26:654][  0]LogConfig: Setting CVar [[r.VolumetricFog.GridSizeZ:128]]
[2020.03.12-06.10.26:654][  0]LogConfig: Setting CVar [[r.VolumetricFog.HistoryMissSupersampleCount:4]]
[2020.03.12-06.10.26:654][  0]LogConfig: Setting CVar [[r.LightMaxDrawDistanceScale:1]]
[2020.03.12-06.10.26:654][  0]LogConfig: Setting CVar [[r.CapsuleShadows:1]]
[2020.03.12-06.10.26:654][  0]LogConfig: Applying CVar settings from Section [PostProcessQuality@3] File [D:/OProjects/AISystem1/Saved/Config/Windows/Scalability.ini]
[2020.03.12-06.10.26:654][  0]LogConfig: Setting CVar [[r.MotionBlurQuality:4]]
[2020.03.12-06.10.26:654][  0]LogConfig: Setting CVar [[r.AmbientOcclusionMipLevelFactor:0.4]]
[2020.03.12-06.10.26:654][  0]LogConfig: Setting CVar [[r.AmbientOcclusionMaxQuality:100]]
[2020.03.12-06.10.26:654][  0]LogConfig: Setting CVar [[r.AmbientOcclusionLevels:-1]]
[2020.03.12-06.10.26:654][  0]LogConfig: Setting CVar [[r.AmbientOcclusionRadiusScale:1.0]]
[2020.03.12-06.10.26:654][  0]LogConfig: Setting CVar [[r.DepthOfFieldQuality:2]]
[2020.03.12-06.10.26:654][  0]LogConfig: Setting CVar [[r.RenderTargetPoolMin:400]]
[2020.03.12-06.10.26:654][  0]LogConfig: Setting CVar [[r.LensFlareQuality:2]]
[2020.03.12-06.10.26:654][  0]LogConfig: Setting CVar [[r.SceneColorFringeQuality:1]]
[2020.03.12-06.10.26:654][  0]LogConfig: Setting CVar [[r.EyeAdaptationQuality:2]]
[2020.03.12-06.10.26:654][  0]LogConfig: Setting CVar [[r.BloomQuality:5]]
[2020.03.12-06.10.26:654][  0]LogConfig: Setting CVar [[r.FastBlurThreshold:100]]
[2020.03.12-06.10.26:654][  0]LogConfig: Setting CVar [[r.Upscale.Quality:3]]
[2020.03.12-06.10.26:654][  0]LogConfig: Setting CVar [[r.Tonemapper.GrainQuantization:1]]
[2020.03.12-06.10.26:654][  0]LogConfig: Setting CVar [[r.LightShaftQuality:1]]
[2020.03.12-06.10.26:654][  0]LogConfig: Setting CVar [[r.Filter.SizeScale:1]]
[2020.03.12-06.10.26:655][  0]LogConfig: Setting CVar [[r.Tonemapper.Quality:5]]
[2020.03.12-06.10.26:655][  0]LogConfig: Setting CVar [[r.DOF.Gather.AccumulatorQuality:1        ; higher gathering accumulator quality]]
[2020.03.12-06.10.26:655][  0]LogConfig: Setting CVar [[r.DOF.Gather.PostfilterMethod:1          ; Median3x3 postfilering method]]
[2020.03.12-06.10.26:655][  0]LogConfig: Setting CVar [[r.DOF.Gather.EnableBokehSettings:0       ; no bokeh simulation when gathering]]
[2020.03.12-06.10.26:655][  0]LogConfig: Setting CVar [[r.DOF.Gather.RingCount:4                 ; medium number of samples when gathering]]
[2020.03.12-06.10.26:655][  0]LogConfig: Setting CVar [[r.DOF.Scatter.ForegroundCompositing:1    ; additive foreground scattering]]
[2020.03.12-06.10.26:655][  0]LogConfig: Setting CVar [[r.DOF.Scatter.BackgroundCompositing:2    ; additive background scattering]]
[2020.03.12-06.10.26:655][  0]LogConfig: Setting CVar [[r.DOF.Scatter.EnableBokehSettings:1      ; bokeh simulation when scattering]]
[2020.03.12-06.10.26:655][  0]LogConfig: Setting CVar [[r.DOF.Scatter.MaxSpriteRatio:0.1         ; only a maximum of 10% of scattered bokeh]]
[2020.03.12-06.10.26:655][  0]LogConfig: Setting CVar [[r.DOF.Recombine.Quality:1                ; cheap slight out of focus]]
[2020.03.12-06.10.26:655][  0]LogConfig: Setting CVar [[r.DOF.Recombine.EnableBokehSettings:0    ; no bokeh simulation on slight out of focus]]
[2020.03.12-06.10.26:655][  0]LogConfig: Setting CVar [[r.DOF.TemporalAAQuality:1                ; more stable temporal accumulation]]
[2020.03.12-06.10.26:655][  0]LogConfig: Setting CVar [[r.DOF.Kernel.MaxForegroundRadius:0.025]]
[2020.03.12-06.10.26:655][  0]LogConfig: Setting CVar [[r.DOF.Kernel.MaxBackgroundRadius:0.025]]
[2020.03.12-06.10.26:655][  0]LogConfig: Applying CVar settings from Section [TextureQuality@3] File [D:/OProjects/AISystem1/Saved/Config/Windows/Scalability.ini]
[2020.03.12-06.10.26:655][  0]LogConfig: Setting CVar [[r.Streaming.MipBias:0]]
[2020.03.12-06.10.26:655][  0]LogConfig: Setting CVar [[r.Streaming.AmortizeCPUToGPUCopy:0]]
[2020.03.12-06.10.26:655][  0]LogConfig: Setting CVar [[r.Streaming.MaxNumTexturesToStreamPerFrame:0]]
[2020.03.12-06.10.26:655][  0]LogConfig: Setting CVar [[r.Streaming.Boost:1]]
[2020.03.12-06.10.26:655][  0]LogConfig: Setting CVar [[r.MaxAnisotropy:8]]
[2020.03.12-06.10.26:655][  0]LogConfig: Setting CVar [[r.Streaming.LimitPoolSizeToVRAM:0]]
[2020.03.12-06.10.26:655][  0]LogConfig: Setting CVar [[r.Streaming.PoolSize:1000]]
[2020.03.12-06.10.26:655][  0]LogConfig: Setting CVar [[r.Streaming.MaxEffectiveScreenSize:0]]
[2020.03.12-06.10.26:655][  0]LogConfig: Applying CVar settings from Section [EffectsQuality@3] File [D:/OProjects/AISystem1/Saved/Config/Windows/Scalability.ini]
[2020.03.12-06.10.26:655][  0]LogConfig: Setting CVar [[r.TranslucencyLightingVolumeDim:64]]
[2020.03.12-06.10.26:655][  0]LogConfig: Setting CVar [[r.RefractionQuality:2]]
[2020.03.12-06.10.26:655][  0]LogConfig: Setting CVar [[r.SSR.Quality:3]]
[2020.03.12-06.10.26:655][  0]LogConfig: Setting CVar [[r.SceneColorFormat:4]]
[2020.03.12-06.10.26:655][  0]LogConfig: Setting CVar [[r.DetailMode:2]]
[2020.03.12-06.10.26:656][  0]LogConfig: Setting CVar [[r.TranslucencyVolumeBlur:1]]
[2020.03.12-06.10.26:656][  0]LogConfig: Setting CVar [[r.MaterialQualityLevel:1 ; High quality]]
[2020.03.12-06.10.26:656][  0]LogConfig: Setting CVar [[r.SSS.Scale:1]]
[2020.03.12-06.10.26:656][  0]LogConfig: Setting CVar [[r.SSS.SampleSet:2]]
[2020.03.12-06.10.26:656][  0]LogConfig: Setting CVar [[r.SSS.Quality:1]]
[2020.03.12-06.10.26:656][  0]LogConfig: Setting CVar [[r.SSS.HalfRes:1]]
[2020.03.12-06.10.26:656][  0]LogConfig: Setting CVar [[r.EmitterSpawnRateScale:1.0]]
[2020.03.12-06.10.26:656][  0]LogConfig: Setting CVar [[r.ParticleLightQuality:2]]
[2020.03.12-06.10.26:656][  0]LogConfig: Applying CVar settings from Section [FoliageQuality@3] File [D:/OProjects/AISystem1/Saved/Config/Windows/Scalability.ini]
[2020.03.12-06.10.26:656][  0]LogConfig: Setting CVar [[foliage.DensityScale:1.0]]
[2020.03.12-06.10.26:656][  0]LogConfig: Setting CVar [[grass.DensityScale:1.0]]
[2020.03.12-06.10.26:656][  0]LogInit: Selected Device Profile: [Windows]
[2020.03.12-06.10.26:656][  0]LogInit: Applying CVar settings loaded from the selected device profile: [Windows]
[2020.03.12-06.10.26:665][  0]LogHAL: Display: Platform has ~ 32 GB [34288050176 / 34359738368 / 32], which maps to Largest [LargestMinGB=32, LargerMinGB=12, DefaultMinGB=8, SmallerMinGB=6, SmallestMinGB=0)
[2020.03.12-06.10.26:665][  0]LogConfig: Setting CVar [[r.Vulkan.UseRealUBs:0		; Required until we fix HLR fall-out]]
[2020.03.12-06.10.26:665][  0]LogInit: Going up to parent DeviceProfile []
[2020.03.12-06.10.26:665][  0]LogConfig: Applying CVar settings from Section [ViewDistanceQuality@3] File [D:/OProjects/AISystem1/Saved/Config/Windows/Scalability.ini]
[2020.03.12-06.10.26:665][  0]LogConfig: Setting CVar [[r.SkeletalMeshLODBias:0]]
[2020.03.12-06.10.26:665][  0]LogConfig: Setting CVar [[r.ViewDistanceScale:1.0]]
[2020.03.12-06.10.26:665][  0]LogConfig: Applying CVar settings from Section [AntiAliasingQuality@1] File [D:/OProjects/AISystem1/Saved/Config/Windows/Scalability.ini]
[2020.03.12-06.10.26:665][  0]LogConfig: Setting CVar [[r.PostProcessAAQuality:2]]
[2020.03.12-06.10.26:665][  0]LogConfig: Applying CVar settings from Section [ShadowQuality@3] File [D:/OProjects/AISystem1/Saved/Config/Windows/Scalability.ini]
[2020.03.12-06.10.26:666][  0]LogConfig: Setting CVar [[r.LightFunctionQuality:1]]
[2020.03.12-06.10.26:666][  0]LogConfig: Setting CVar [[r.ShadowQuality:5]]
[2020.03.12-06.10.26:666][  0]LogConfig: Setting CVar [[r.Shadow.CSM.MaxCascades:10]]
[2020.03.12-06.10.26:666][  0]LogConfig: Setting CVar [[r.Shadow.MaxResolution:2048]]
[2020.03.12-06.10.26:666][  0]LogConfig: Setting CVar [[r.Shadow.MaxCSMResolution:2048]]
[2020.03.12-06.10.26:666][  0]LogConfig: Setting CVar [[r.Shadow.RadiusThreshold:0.01]]
[2020.03.12-06.10.26:666][  0]LogConfig: Setting CVar [[r.Shadow.DistanceScale:1.0]]
[2020.03.12-06.10.26:666][  0]LogConfig: Setting CVar [[r.Shadow.CSM.TransitionScale:1.0]]
[2020.03.12-06.10.26:666][  0]LogConfig: Setting CVar [[r.Shadow.PreShadowResolutionFactor:1.0]]
[2020.03.12-06.10.26:666][  0]LogConfig: Setting CVar [[r.DistanceFieldShadowing:1]]
[2020.03.12-06.10.26:666][  0]LogConfig: Setting CVar [[r.DistanceFieldAO:1]]
[2020.03.12-06.10.26:666][  0]LogConfig: Setting CVar [[r.AOQuality:2]]
[2020.03.12-06.10.26:666][  0]LogConfig: Setting CVar [[r.VolumetricFog:1]]
[2020.03.12-06.10.26:666][  0]LogConfig: Setting CVar [[r.VolumetricFog.GridPixelSize:8]]
[2020.03.12-06.10.26:666][  0]LogConfig: Setting CVar [[r.VolumetricFog.GridSizeZ:128]]
[2020.03.12-06.10.26:666][  0]LogConfig: Setting CVar [[r.VolumetricFog.HistoryMissSupersampleCount:4]]
[2020.03.12-06.10.26:666][  0]LogConfig: Setting CVar [[r.LightMaxDrawDistanceScale:1]]
[2020.03.12-06.10.26:666][  0]LogConfig: Setting CVar [[r.CapsuleShadows:1]]
[2020.03.12-06.10.26:666][  0]LogConfig: Applying CVar settings from Section [PostProcessQuality@3] File [D:/OProjects/AISystem1/Saved/Config/Windows/Scalability.ini]
[2020.03.12-06.10.26:666][  0]LogConfig: Setting CVar [[r.MotionBlurQuality:4]]
[2020.03.12-06.10.26:666][  0]LogConfig: Setting CVar [[r.AmbientOcclusionMipLevelFactor:0.4]]
[2020.03.12-06.10.26:666][  0]LogConfig: Setting CVar [[r.AmbientOcclusionMaxQuality:100]]
[2020.03.12-06.10.26:667][  0]LogConfig: Setting CVar [[r.AmbientOcclusionLevels:-1]]
[2020.03.12-06.10.26:667][  0]LogConfig: Setting CVar [[r.AmbientOcclusionRadiusScale:1.0]]
[2020.03.12-06.10.26:667][  0]LogConfig: Setting CVar [[r.DepthOfFieldQuality:2]]
[2020.03.12-06.10.26:667][  0]LogConfig: Setting CVar [[r.RenderTargetPoolMin:400]]
[2020.03.12-06.10.26:667][  0]LogConfig: Setting CVar [[r.LensFlareQuality:2]]
[2020.03.12-06.10.26:667][  0]LogConfig: Setting CVar [[r.SceneColorFringeQuality:1]]
[2020.03.12-06.10.26:667][  0]LogConfig: Setting CVar [[r.EyeAdaptationQuality:2]]
[2020.03.12-06.10.26:667][  0]LogConfig: Setting CVar [[r.BloomQuality:5]]
[2020.03.12-06.10.26:667][  0]LogConfig: Setting CVar [[r.FastBlurThreshold:100]]
[2020.03.12-06.10.26:667][  0]LogConfig: Setting CVar [[r.Upscale.Quality:3]]
[2020.03.12-06.10.26:667][  0]LogConfig: Setting CVar [[r.Tonemapper.GrainQuantization:1]]
[2020.03.12-06.10.26:667][  0]LogConfig: Setting CVar [[r.LightShaftQuality:1]]
[2020.03.12-06.10.26:667][  0]LogConfig: Setting CVar [[r.Filter.SizeScale:1]]
[2020.03.12-06.10.26:667][  0]LogConfig: Setting CVar [[r.Tonemapper.Quality:5]]
[2020.03.12-06.10.26:667][  0]LogConfig: Setting CVar [[r.DOF.Gather.AccumulatorQuality:1        ; higher gathering accumulator quality]]
[2020.03.12-06.10.26:667][  0]LogConfig: Setting CVar [[r.DOF.Gather.PostfilterMethod:1          ; Median3x3 postfilering method]]
[2020.03.12-06.10.26:667][  0]LogConfig: Setting CVar [[r.DOF.Gather.EnableBokehSettings:0       ; no bokeh simulation when gathering]]
[2020.03.12-06.10.26:667][  0]LogConfig: Setting CVar [[r.DOF.Gather.RingCount:4                 ; medium number of samples when gathering]]
[2020.03.12-06.10.26:667][  0]LogConfig: Setting CVar [[r.DOF.Scatter.ForegroundCompositing:1    ; additive foreground scattering]]
[2020.03.12-06.10.26:667][  0]LogConfig: Setting CVar [[r.DOF.Scatter.BackgroundCompositing:2    ; additive background scattering]]
[2020.03.12-06.10.26:667][  0]LogConfig: Setting CVar [[r.DOF.Scatter.EnableBokehSettings:1      ; bokeh simulation when scattering]]
[2020.03.12-06.10.26:667][  0]LogConfig: Setting CVar [[r.DOF.Scatter.MaxSpriteRatio:0.1         ; only a maximum of 10% of scattered bokeh]]
[2020.03.12-06.10.26:667][  0]LogConfig: Setting CVar [[r.DOF.Recombine.Quality:1                ; cheap slight out of focus]]
[2020.03.12-06.10.26:667][  0]LogConfig: Setting CVar [[r.DOF.Recombine.EnableBokehSettings:0    ; no bokeh simulation on slight out of focus]]
[2020.03.12-06.10.26:667][  0]LogConfig: Setting CVar [[r.DOF.TemporalAAQuality:1                ; more stable temporal accumulation]]
[2020.03.12-06.10.26:667][  0]LogConfig: Setting CVar [[r.DOF.Kernel.MaxForegroundRadius:0.025]]
[2020.03.12-06.10.26:667][  0]LogConfig: Setting CVar [[r.DOF.Kernel.MaxBackgroundRadius:0.025]]
[2020.03.12-06.10.26:667][  0]LogConfig: Applying CVar settings from Section [TextureQuality@3] File [D:/OProjects/AISystem1/Saved/Config/Windows/Scalability.ini]
[2020.03.12-06.10.26:667][  0]LogConfig: Setting CVar [[r.Streaming.MipBias:0]]
[2020.03.12-06.10.26:667][  0]LogConfig: Setting CVar [[r.Streaming.AmortizeCPUToGPUCopy:0]]
[2020.03.12-06.10.26:667][  0]LogConfig: Setting CVar [[r.Streaming.MaxNumTexturesToStreamPerFrame:0]]
[2020.03.12-06.10.26:668][  0]LogConfig: Setting CVar [[r.Streaming.Boost:1]]
[2020.03.12-06.10.26:668][  0]LogConfig: Setting CVar [[r.MaxAnisotropy:8]]
[2020.03.12-06.10.26:668][  0]LogConfig: Setting CVar [[r.Streaming.LimitPoolSizeToVRAM:0]]
[2020.03.12-06.10.26:668][  0]LogConfig: Setting CVar [[r.Streaming.PoolSize:1000]]
[2020.03.12-06.10.26:668][  0]LogConfig: Setting CVar [[r.Streaming.MaxEffectiveScreenSize:0]]
[2020.03.12-06.10.26:668][  0]LogConfig: Applying CVar settings from Section [EffectsQuality@3] File [D:/OProjects/AISystem1/Saved/Config/Windows/Scalability.ini]
[2020.03.12-06.10.26:668][  0]LogConfig: Setting CVar [[r.TranslucencyLightingVolumeDim:64]]
[2020.03.12-06.10.26:668][  0]LogConfig: Setting CVar [[r.RefractionQuality:2]]
[2020.03.12-06.10.26:668][  0]LogConfig: Setting CVar [[r.SSR.Quality:3]]
[2020.03.12-06.10.26:668][  0]LogConfig: Setting CVar [[r.SceneColorFormat:4]]
[2020.03.12-06.10.26:668][  0]LogConfig: Setting CVar [[r.DetailMode:2]]
[2020.03.12-06.10.26:668][  0]LogConfig: Setting CVar [[r.TranslucencyVolumeBlur:1]]
[2020.03.12-06.10.26:668][  0]LogConfig: Setting CVar [[r.MaterialQualityLevel:1 ; High quality]]
[2020.03.12-06.10.26:668][  0]LogConfig: Setting CVar [[r.SSS.Scale:1]]
[2020.03.12-06.10.26:668][  0]LogConfig: Setting CVar [[r.SSS.SampleSet:2]]
[2020.03.12-06.10.26:668][  0]LogConfig: Setting CVar [[r.SSS.Quality:1]]
[2020.03.12-06.10.26:668][  0]LogConfig: Setting CVar [[r.SSS.HalfRes:1]]
[2020.03.12-06.10.26:668][  0]LogConfig: Setting CVar [[r.EmitterSpawnRateScale:1.0]]
[2020.03.12-06.10.26:668][  0]LogConfig: Setting CVar [[r.ParticleLightQuality:2]]
[2020.03.12-06.10.26:668][  0]LogConfig: Applying CVar settings from Section [FoliageQuality@3] File [D:/OProjects/AISystem1/Saved/Config/Windows/Scalability.ini]
[2020.03.12-06.10.26:668][  0]LogConfig: Setting CVar [[foliage.DensityScale:1.0]]
[2020.03.12-06.10.26:668][  0]LogConfig: Setting CVar [[grass.DensityScale:1.0]]
[2020.03.12-06.10.26:668][  0]LogConfig: Applying CVar settings from Section [Startup] File [../../../Engine/Config/ConsoleVariables.ini]
[2020.03.12-06.10.26:669][  0]LogConfig: Setting CVar [[net.UseAdaptiveNetUpdateFrequency:0]]
[2020.03.12-06.10.26:669][  0]LogConfig: Setting CVar [[p.chaos.AllowCreatePhysxBodies:1]]
[2020.03.12-06.10.26:669][  0]LogConfig: Applying CVar settings from Section [ConsoleVariables] File [D:/OProjects/AISystem1/Saved/Config/Windows/Engine.ini]
[2020.03.12-06.10.26:669][  0]LogInit: Computer: DESKTOP-79C879U
[2020.03.12-06.10.26:669][  0]LogInit: User: wang
[2020.03.12-06.10.26:669][  0]LogInit: CPU Page size=4096, Cores=8
[2020.03.12-06.10.26:669][  0]LogInit: High frequency timer resolution =10.000000 MHz
[2020.03.12-06.10.26:669][  0]LogMemory: Memory total: Physical=31.9GB (32GB approx)
[2020.03.12-06.10.26:669][  0]LogMemory: Platform Memory Stats for Windows
[2020.03.12-06.10.26:669][  0]LogMemory: Process Physical Memory: 97.37 MB used, 97.37 MB peak
[2020.03.12-06.10.26:669][  0]LogMemory: Process Virtual Memory: 89.71 MB used, 89.71 MB peak
[2020.03.12-06.10.26:669][  0]LogMemory: Physical Memory: 10502.00 MB used,  22197.63 MB free, 32699.63 MB total
[2020.03.12-06.10.26:669][  0]LogMemory: Virtual Memory: 4661.95 MB used,  134213064.00 MB free, 134217728.00 MB total
[2020.03.12-06.10.26:751][  0]LogInit: Using OS detected language (zh-CN).
[2020.03.12-06.10.26:751][  0]LogInit: Using OS detected locale (zh-CN).
[2020.03.12-06.10.26:752][  0]LogTextLocalizationResource: LocRes '../../../Engine/Content/Localization/Editor/zh-Hans-CN/Editor.locres' could not be opened for reading!
[2020.03.12-06.10.26:752][  0]LogTextLocalizationResource: LocRes '../../../Engine/Content/Localization/EditorTutorials/zh-Hans-CN/EditorTutorials.locres' could not be opened for reading!
[2020.03.12-06.10.26:752][  0]LogTextLocalizationResource: LocRes '../../../Engine/Content/Localization/Keywords/zh-Hans-CN/Keywords.locres' could not be opened for reading!
[2020.03.12-06.10.26:752][  0]LogTextLocalizationResource: LocRes '../../../Engine/Content/Localization/Category/zh-Hans-CN/Category.locres' could not be opened for reading!
[2020.03.12-06.10.26:752][  0]LogTextLocalizationResource: LocRes '../../../Engine/Content/Localization/ToolTips/zh-Hans-CN/ToolTips.locres' could not be opened for reading!
[2020.03.12-06.10.26:752][  0]LogTextLocalizationResource: LocRes '../../../Engine/Content/Localization/PropertyNames/zh-Hans-CN/PropertyNames.locres' could not be opened for reading!
[2020.03.12-06.10.26:752][  0]LogTextLocalizationResource: LocRes '../../../Engine/Content/Localization/Engine/zh-Hans-CN/Engine.locres' could not be opened for reading!
[2020.03.12-06.10.26:753][  0]LogTextLocalizationResource: LocRes '../../../Engine/Plugins/Online/Android/OnlineSubsystemGooglePlay/Content/Localization/OnlineSubsystemGooglePlay/zh-Hans-CN/OnlineSubsystemGooglePlay.locres' could not be opened for reading!
[2020.03.12-06.10.26:753][  0]LogTextLocalizationResource: LocRes '../../../Engine/Plugins/Online/IOS/OnlineSubsystemIOS/Content/Localization/OnlineSubsystemIOS/zh-Hans-CN/OnlineSubsystemIOS.locres' could not be opened for reading!
[2020.03.12-06.10.26:753][  0]LogTextLocalizationResource: LocRes '../../../Engine/Plugins/Online/OnlineSubsystem/Content/Localization/OnlineSubsystem/zh-Hans-CN/OnlineSubsystem.locres' could not be opened for reading!
[2020.03.12-06.10.26:753][  0]LogTextLocalizationResource: LocRes '../../../Engine/Plugins/Online/OnlineSubsystemUtils/Content/Localization/OnlineSubsystemUtils/zh-Hans-CN/OnlineSubsystemUtils.locres' could not be opened for reading!
[2020.03.12-06.10.26:780][  0]LogTextLocalizationResource: LocRes '../../../Engine/Plugins/Online/Android/OnlineSubsystemGooglePlay/Content/Localization/OnlineSubsystemGooglePlay/zh-CN/OnlineSubsystemGooglePlay.locres' could not be opened for reading!
[2020.03.12-06.10.26:781][  0]LogTextLocalizationResource: LocRes '../../../Engine/Plugins/Online/IOS/OnlineSubsystemIOS/Content/Localization/OnlineSubsystemIOS/zh-CN/OnlineSubsystemIOS.locres' could not be opened for reading!
[2020.03.12-06.10.26:781][  0]LogTextLocalizationResource: LocRes '../../../Engine/Plugins/Online/OnlineSubsystem/Content/Localization/OnlineSubsystem/zh-CN/OnlineSubsystem.locres' could not be opened for reading!
[2020.03.12-06.10.26:781][  0]LogTextLocalizationResource: LocRes '../../../Engine/Plugins/Online/OnlineSubsystemUtils/Content/Localization/OnlineSubsystemUtils/zh-CN/OnlineSubsystemUtils.locres' could not be opened for reading!
[2020.03.12-06.10.26:781][  0]LogTextLocalizationResource: LocRes '../../../Engine/Content/Localization/Editor/zh-Hans/Editor.locres' could not be opened for reading!
[2020.03.12-06.10.26:781][  0]LogTextLocalizationResource: LocRes '../../../Engine/Content/Localization/EditorTutorials/zh-Hans/EditorTutorials.locres' could not be opened for reading!
[2020.03.12-06.10.26:781][  0]LogTextLocalizationResource: LocRes '../../../Engine/Content/Localization/Keywords/zh-Hans/Keywords.locres' could not be opened for reading!
[2020.03.12-06.10.26:781][  0]LogTextLocalizationResource: LocRes '../../../Engine/Content/Localization/Category/zh-Hans/Category.locres' could not be opened for reading!
[2020.03.12-06.10.26:782][  0]LogTextLocalizationResource: LocRes '../../../Engine/Content/Localization/ToolTips/zh-Hans/ToolTips.locres' could not be opened for reading!
[2020.03.12-06.10.26:782][  0]LogTextLocalizationResource: LocRes '../../../Engine/Content/Localization/PropertyNames/zh-Hans/PropertyNames.locres' could not be opened for reading!
[2020.03.12-06.10.26:782][  0]LogTextLocalizationResource: LocRes '../../../Engine/Content/Localization/Engine/zh-Hans/Engine.locres' could not be opened for reading!
[2020.03.12-06.10.26:782][  0]LogTextLocalizationResource: LocRes '../../../Engine/Content/Localization/Editor/zh/Editor.locres' could not be opened for reading!
[2020.03.12-06.10.26:782][  0]LogTextLocalizationResource: LocRes '../../../Engine/Content/Localization/EditorTutorials/zh/EditorTutorials.locres' could not be opened for reading!
[2020.03.12-06.10.26:782][  0]LogTextLocalizationResource: LocRes '../../../Engine/Content/Localization/Keywords/zh/Keywords.locres' could not be opened for reading!
[2020.03.12-06.10.26:782][  0]LogTextLocalizationResource: LocRes '../../../Engine/Content/Localization/Category/zh/Category.locres' could not be opened for reading!
[2020.03.12-06.10.26:783][  0]LogTextLocalizationResource: LocRes '../../../Engine/Content/Localization/ToolTips/zh/ToolTips.locres' could not be opened for reading!
[2020.03.12-06.10.26:783][  0]LogTextLocalizationResource: LocRes '../../../Engine/Content/Localization/PropertyNames/zh/PropertyNames.locres' could not be opened for reading!
[2020.03.12-06.10.26:783][  0]LogTextLocalizationResource: LocRes '../../../Engine/Content/Localization/Engine/zh/Engine.locres' could not be opened for reading!
[2020.03.12-06.10.26:783][  0]LogTextLocalizationResource: LocRes '../../../Engine/Plugins/Online/Android/OnlineSubsystemGooglePlay/Content/Localization/OnlineSubsystemGooglePlay/zh/OnlineSubsystemGooglePlay.locres' could not be opened for reading!
[2020.03.12-06.10.26:783][  0]LogTextLocalizationResource: LocRes '../../../Engine/Plugins/Online/IOS/OnlineSubsystemIOS/Content/Localization/OnlineSubsystemIOS/zh/OnlineSubsystemIOS.locres' could not be opened for reading!
[2020.03.12-06.10.26:783][  0]LogTextLocalizationResource: LocRes '../../../Engine/Plugins/Online/OnlineSubsystem/Content/Localization/OnlineSubsystem/zh/OnlineSubsystem.locres' could not be opened for reading!
[2020.03.12-06.10.26:783][  0]LogTextLocalizationResource: LocRes '../../../Engine/Plugins/Online/OnlineSubsystemUtils/Content/Localization/OnlineSubsystemUtils/zh/OnlineSubsystemUtils.locres' could not be opened for reading!
[2020.03.12-06.10.26:802][  0]LogInit: Setting process to per monitor DPI aware
[2020.03.12-06.10.26:827][  0]LogSlate: New Slate User Created.  User Index 0, Is Virtual User: 0
[2020.03.12-06.10.26:827][  0]LogSlate: Slate User Registered.  User Index 0, Is Virtual User: 0
[2020.03.12-06.10.26:932][  0]LogHMD: Failed to initialize OpenVR with code 110
[2020.03.12-06.10.26:933][  0]LogD3D11RHI: D3D11 adapters:
[2020.03.12-06.10.26:999][  0]LogD3D11RHI:    0. 'NVIDIA GeForce GTX 1660 Ti' (Feature Level 11_0)
[2020.03.12-06.10.26:999][  0]LogD3D11RHI:       5991/0/16349 MB DedicatedVideo/DedicatedSystem/SharedSystem, Outputs:2, VendorId:0x10de
[2020.03.12-06.10.27:002][  0]LogD3D11RHI:    1. 'Microsoft Basic Render Driver' (Feature Level 11_0)
[2020.03.12-06.10.27:002][  0]LogD3D11RHI:       0/0/16349 MB DedicatedVideo/DedicatedSystem/SharedSystem, Outputs:0, VendorId:0x1414
[2020.03.12-06.10.27:002][  0]LogD3D11RHI: Chosen D3D11 Adapter: 0
[2020.03.12-06.10.27:008][  0]LogD3D11RHI: Creating new Direct3DDevice
[2020.03.12-06.10.27:009][  0]LogD3D11RHI:     GPU DeviceId: 0x2182 (for the marketing name, search the web for "GPU Device Id")
[2020.03.12-06.10.27:009][  0]LogWindows: EnumDisplayDevices:
[2020.03.12-06.10.27:009][  0]LogWindows:    0. 'NVIDIA GeForce GTX 1660 Ti' (P:0 D:1)
[2020.03.12-06.10.27:009][  0]LogWindows:    1. 'NVIDIA GeForce GTX 1660 Ti' (P:1 D:1)
[2020.03.12-06.10.27:009][  0]LogWindows:    2. 'NVIDIA GeForce GTX 1660 Ti' (P:0 D:0)
[2020.03.12-06.10.27:009][  0]LogWindows:    3. 'NVIDIA GeForce GTX 1660 Ti' (P:0 D:0)
[2020.03.12-06.10.27:010][  0]LogWindows: DebugString: FoundDriverCount:4 
[2020.03.12-06.10.27:010][  0]LogD3D11RHI:     Adapter Name: NVIDIA GeForce GTX 1660 Ti
[2020.03.12-06.10.27:010][  0]LogD3D11RHI:   Driver Version: 432.00 (internal:26.21.14.3200, unified:432.00)
[2020.03.12-06.10.27:010][  0]LogD3D11RHI:      Driver Date: 7-24-2019
[2020.03.12-06.10.27:010][  0]LogRHI: Texture pool is 4193 MB (70% of 5991 MB)
[2020.03.12-06.10.27:054][  0]LogD3D11RHI: Async texture creation enabled
[2020.03.12-06.10.27:057][  0]LogRendererCore: FGlobalReadBuffer::InitRHI
[2020.03.12-06.10.27:057][  0]LogRendererCore: FGlobalReadBuffer::InitRHI
[2020.03.12-06.10.27:057][  0]LogRendererCore: FGlobalReadBuffer::InitRHI
[2020.03.12-06.10.27:064][  0]LogD3D11RHI: GPU Timing Frequency: 1000.000000 (Debug: 2 1)
[2020.03.12-06.10.27:337][  0]LogTemp: Display: Module 'AllDesktopTargetPlatform' loaded TargetPlatform 'AllDesktop'
[2020.03.12-06.10.27:351][  0]LogTemp: Display: Module 'MacClientTargetPlatform' loaded TargetPlatform 'MacClient'
[2020.03.12-06.10.27:365][  0]LogTemp: Display: Module 'MacNoEditorTargetPlatform' loaded TargetPlatform 'MacNoEditor'
[2020.03.12-06.10.27:378][  0]LogTemp: Display: Module 'MacServerTargetPlatform' loaded TargetPlatform 'MacServer'
[2020.03.12-06.10.27:392][  0]LogTemp: Display: Module 'MacTargetPlatform' loaded TargetPlatform 'Mac'
[2020.03.12-06.10.27:406][  0]LogTemp: Display: Module 'WindowsClientTargetPlatform' loaded TargetPlatform 'WindowsClient'
[2020.03.12-06.10.27:420][  0]LogTemp: Display: Module 'WindowsNoEditorTargetPlatform' loaded TargetPlatform 'WindowsNoEditor'
[2020.03.12-06.10.27:437][  0]LogTemp: Display: Module 'WindowsServerTargetPlatform' loaded TargetPlatform 'WindowsServer'
[2020.03.12-06.10.27:446][  0]LogTemp: Display: Module 'WindowsTargetPlatform' loaded TargetPlatform 'Windows'
[2020.03.12-06.10.27:503][  0]LogTemp: Display: Module 'AndroidTargetPlatform' loaded TargetPlatform 'Android'
[2020.03.12-06.10.27:503][  0]LogTemp: Display: Module 'AndroidTargetPlatform' loaded TargetPlatform 'Android_ASTC'
[2020.03.12-06.10.27:503][  0]LogTemp: Display: Module 'AndroidTargetPlatform' loaded TargetPlatform 'Android_ATC'
[2020.03.12-06.10.27:503][  0]LogTemp: Display: Module 'AndroidTargetPlatform' loaded TargetPlatform 'Android_DXT'
[2020.03.12-06.10.27:503][  0]LogTemp: Display: Module 'AndroidTargetPlatform' loaded TargetPlatform 'Android_ETC1'
[2020.03.12-06.10.27:503][  0]LogTemp: Display: Module 'AndroidTargetPlatform' loaded TargetPlatform 'Android_ETC1a'
[2020.03.12-06.10.27:503][  0]LogTemp: Display: Module 'AndroidTargetPlatform' loaded TargetPlatform 'Android_ETC2'
[2020.03.12-06.10.27:503][  0]LogTemp: Display: Module 'AndroidTargetPlatform' loaded TargetPlatform 'Android_PVRTC'
[2020.03.12-06.10.27:503][  0]LogTemp: Display: Module 'AndroidTargetPlatform' loaded TargetPlatform 'AndroidClient'
[2020.03.12-06.10.27:503][  0]LogTemp: Display: Module 'AndroidTargetPlatform' loaded TargetPlatform 'Android_ASTCClient'
[2020.03.12-06.10.27:504][  0]LogTemp: Display: Module 'AndroidTargetPlatform' loaded TargetPlatform 'Android_ATCClient'
[2020.03.12-06.10.27:504][  0]LogTemp: Display: Module 'AndroidTargetPlatform' loaded TargetPlatform 'Android_DXTClient'
[2020.03.12-06.10.27:504][  0]LogTemp: Display: Module 'AndroidTargetPlatform' loaded TargetPlatform 'Android_ETC1Client'
[2020.03.12-06.10.27:504][  0]LogTemp: Display: Module 'AndroidTargetPlatform' loaded TargetPlatform 'Android_ETC1aClient'
[2020.03.12-06.10.27:504][  0]LogTemp: Display: Module 'AndroidTargetPlatform' loaded TargetPlatform 'Android_ETC2Client'
[2020.03.12-06.10.27:504][  0]LogTemp: Display: Module 'AndroidTargetPlatform' loaded TargetPlatform 'Android_PVRTCClient'
[2020.03.12-06.10.27:504][  0]LogTemp: Display: Module 'AndroidTargetPlatform' loaded TargetPlatform 'Android_Multi'
[2020.03.12-06.10.27:504][  0]LogTemp: Display: Module 'AndroidTargetPlatform' loaded TargetPlatform 'Android_MultiClient'
[2020.03.12-06.10.27:507][  0]LogTemp: Display: Module 'HTML5TargetPlatform' loaded TargetPlatform 'HTML5'
[2020.03.12-06.10.27:556][  0]LogTemp: Display: Module 'IOSTargetPlatform' loaded TargetPlatform 'IOSClient'
[2020.03.12-06.10.27:556][  0]LogTemp: Display: Module 'IOSTargetPlatform' loaded TargetPlatform 'IOS'
[2020.03.12-06.10.27:576][  0]LogTemp: Display: Module 'TVOSTargetPlatform' loaded TargetPlatform 'TVOSClient'
[2020.03.12-06.10.27:576][  0]LogTemp: Display: Module 'TVOSTargetPlatform' loaded TargetPlatform 'TVOS'
[2020.03.12-06.10.27:588][  0]LogTemp: Display: Module 'LinuxClientTargetPlatform' loaded TargetPlatform 'LinuxClient'
[2020.03.12-06.10.27:598][  0]LogTemp: Display: Module 'LinuxNoEditorTargetPlatform' loaded TargetPlatform 'LinuxNoEditor'
[2020.03.12-06.10.27:609][  0]LogTemp: Display: Module 'LinuxServerTargetPlatform' loaded TargetPlatform 'LinuxServer'
[2020.03.12-06.10.27:620][  0]LogTemp: Display: Module 'LinuxTargetPlatform' loaded TargetPlatform 'Linux'
[2020.03.12-06.10.27:653][  0]LogTemp: Display: Module 'LuminTargetPlatform' loaded TargetPlatform 'Lumin'
[2020.03.12-06.10.27:654][  0]LogTemp: Display: Module 'LuminTargetPlatform' loaded TargetPlatform 'LuminClient'
[2020.03.12-06.10.27:654][  0]LogTargetPlatformManager: Display: Building Assets For Windows
[2020.03.12-06.10.27:671][  0]LogAudioDebug: Display: Lib vorbis DLL was dynamically loaded.
[2020.03.12-06.10.27:761][  0]LogShaderCompilers: Guid format shader working directory is 7 characters bigger than the processId version (../../../../../../OProjects/AISystem1/Intermediate/Shaders/WorkingDirectory/21712/).
[2020.03.12-06.10.27:762][  0]LogShaderCompilers: Cleaned the shader compiler working directory 'C:/Users/wang/AppData/Local/Temp/UnrealShaderWorkingDir/F2EC1B934322D1635D9F0083C375AF85/'.
[2020.03.12-06.10.27:763][  0]LogXGEController: Cleaning working directory: C:/Users/wang/AppData/Local/Temp/UnrealXGEWorkingDir/
[2020.03.12-06.10.27:763][  0]LogXGEController: Cannot use XGE Controller as Incredibuild is not installed on this machine.
[2020.03.12-06.10.27:763][  0]LogShaderCompilers: Cannot use XGE Shader Compiler as Incredibuild is not installed on this machine.
[2020.03.12-06.10.27:763][  0]LogShaderCompilers: Display: Using Local Shader Compiler.
[2020.03.12-06.10.28:178][  0]LogDerivedDataCache: Display: Max Cache Size: 512 MB
[2020.03.12-06.10.28:216][  0]LogDerivedDataCache: Loaded boot cache 0.04s 75MB C:/Users/wang/AppData/Local/UnrealEngine/4.22/DerivedDataCache/Boot.ddc.
[2020.03.12-06.10.28:217][  0]LogDerivedDataCache: Display: Loaded Boot cache: C:/Users/wang/AppData/Local/UnrealEngine/4.22/DerivedDataCache/Boot.ddc
[2020.03.12-06.10.28:217][  0]LogDerivedDataCache: FDerivedDataBackendGraph:  Pak pak cache file ../../../../../../OProjects/AISystem1/DerivedDataCache/DDC.ddp not found, will not use a pak cache.
[2020.03.12-06.10.28:217][  0]LogDerivedDataCache: Unable to find inner node Pak for hierarchical cache Hierarchy.
[2020.03.12-06.10.28:217][  0]LogDerivedDataCache: FDerivedDataBackendGraph:  CompressedPak pak cache file ../../../../../../OProjects/AISystem1/DerivedDataCache/Compressed.ddp not found, will not use a pak cache.
[2020.03.12-06.10.28:217][  0]LogDerivedDataCache: Unable to find inner node CompressedPak for hierarchical cache Hierarchy.
[2020.03.12-06.10.28:226][  0]LogDerivedDataCache: Display: Pak cache opened for reading ../../../Engine/DerivedDataCache/Compressed.ddp.
[2020.03.12-06.10.28:226][  0]LogDerivedDataCache: FDerivedDataBackendGraph:  EnterprisePak pak cache file ../../../Enterprise/DerivedDataCache/Compressed.ddp not found, will not use a pak cache.
[2020.03.12-06.10.28:227][  0]LogDerivedDataCache: Unable to find inner node EnterprisePak for hierarchical cache Hierarchy.
[2020.03.12-06.10.28:240][  0]LogDerivedDataCache: Using Local data cache path ../../../../../../OProjects/AISystem1/DerivedDataCache: Writable
[2020.03.12-06.10.28:240][  0]LogDerivedDataCache: Shared data cache path not found in *engine.ini, will not use an Shared cache.
[2020.03.12-06.10.28:240][  0]LogDerivedDataCache: Unable to find inner node Shared for hierarchical cache Hierarchy.
[2020.03.12-06.10.28:256][  0]LogMaterial: Verifying Global Shaders for PCD3D_SM5
[2020.03.12-06.10.28:257][  0]LogSlate: Using FreeType 2.6.0
[2020.03.12-06.10.28:257][  0]LogSlate: SlateFontServices - WITH_FREETYPE: 1, WITH_HARFBUZZ: 1
[2020.03.12-06.10.28:320][  0]LogAssetRegistry: FAssetRegistry took 0.0320 seconds to start up
[2020.03.12-06.10.28:537][  0]LogInit: Selected Device Profile: [Windows]
[2020.03.12-06.10.28:661][  0]LogMeshReduction: Using QuadricMeshReduction for automatic static mesh reduction
[2020.03.12-06.10.28:661][  0]LogMeshReduction: Using SimplygonMeshReduction for automatic skeletal mesh reduction
[2020.03.12-06.10.28:661][  0]LogMeshReduction: Using ProxyLODMeshReduction for automatic mesh merging
[2020.03.12-06.10.28:661][  0]LogMeshReduction: No distributed automatic mesh merging module available
[2020.03.12-06.10.28:661][  0]LogMeshMerging: No distributed automatic mesh merging module available
[2020.03.12-06.10.28:669][  0]LogNetVersion: AISystem1 1.0.0, NetCL: 5660361, EngineNetVer: 10, GameNetVer: 0 (Checksum: 2513063136)
[2020.03.12-06.10.28:996][  0]LogPackageLocalizationCache: Processed 10 localized package path(s) for 4 prioritized culture(s) in 0.092069 seconds
[2020.03.12-06.10.29:002][  0]LogUObjectArray: 42205 objects as part of root set at end of initial load.
[2020.03.12-06.10.29:002][  0]LogUObjectAllocator: 7325032 out of 0 bytes used by permanent object pool.
[2020.03.12-06.10.29:002][  0]LogUObjectArray: CloseDisregardForGC: 0/0 objects in disregard for GC pool
[2020.03.12-06.10.29:824][  0]LogTcpMessaging: Initializing TcpMessaging bridge
[2020.03.12-06.10.29:842][  0]LogUdpMessaging: Initializing bridge on interface 0.0.0.0:0 to multicast group 230.0.0.1:6666.
[2020.03.12-06.10.30:116][  0]SourceControl: 源码控制已禁用
[2020.03.12-06.10.30:116][  0]SourceControl: 源码控制已禁用
[2020.03.12-06.10.30:126][  0]SourceControl: 源码控制已禁用
[2020.03.12-06.10.30:131][  0]SourceControl: 源码控制已禁用
[2020.03.12-06.10.30:334][  0]LogAndroidPermission: UAndroidPermissionCallbackProxy::GetInstance
[2020.03.12-06.10.30:461][  0]LogOcInput: OculusInput pre-init called
[2020.03.12-06.10.30:951][  0]LogEngine: Initializing Engine...
[2020.03.12-06.10.30:951][  0]LogHMD: Failed to initialize OpenVR with code 110
[2020.03.12-06.10.30:952][  0]LogStats: UGameplayTagsManager::InitializeManager -  0.000 s
[2020.03.12-06.10.31:098][  0]LogInit: Initializing FReadOnlyCVARCache
[2020.03.12-06.10.31:111][  0]LogAIModule: Creating AISystem for world Untitled
[2020.03.12-06.10.31:165][  0]LogInit: XAudio2 using '扬声器 (Realtek(R) Audio)' : 2 channels at 48 kHz using 32 bits per sample (channel mask 0x3)
[2020.03.12-06.10.31:203][  0]LogInit: FAudioDevice initialized.
[2020.03.12-06.10.31:204][  0]LogNetVersion: Set ProjectVersion to 1.0.0.0. Version Checksum will be recalculated on next use.
[2020.03.12-06.10.31:244][  0]LogDerivedDataCache: Saved boot cache 0.04s 75MB C:/Users/wang/AppData/Local/UnrealEngine/4.22/DerivedDataCache/Boot.ddc.
[2020.03.12-06.10.31:254][  0]LogInit: Texture streaming: Enabled
[2020.03.12-06.10.31:278][  0]LogEngineSessionManager: EngineSessionManager initialized
[2020.03.12-06.10.31:278][  0]LogEngineSessionManager: EngineSessionManager sent abnormal shutdown report. Type=Debugger, SessionId={90267DFA-42C0-3AD0-3BA4-00B49E3FBDC2}
[2020.03.12-06.10.31:295][  0]LogInit: Transaction tracking system initialized
[2020.03.12-06.10.31:328][  0]BlueprintLog: New page: 编辑器加载
[2020.03.12-06.10.31:463][  0]LocalizationService: 本地化服务已禁用
[2020.03.12-06.10.31:912][  0]LogFileCache: Scanning file cache for directory 'D:/OProjects/AISystem1/Content/' took 0.01s
[2020.03.12-06.10.31:912][  0]LogCook: Display: Max memory allowance for cook 16384mb min free memory 0mb
[2020.03.12-06.10.31:912][  0]LogCook: Display: Mobile HDR setting 1
[2020.03.12-06.10.32:155][  0]SourceControl: 源码控制已禁用
[2020.03.12-06.10.32:155][  0]Cmd: MAP LOAD FILE="../../../../../../OProjects/AISystem1/Content/ThirdPersonCPP/Maps/ThirdPersonExampleMap.umap" TEMPLATE=0 SHOWPROGRESS=1 FEATURELEVEL=3
[2020.03.12-06.10.32:155][  0]LightingResults: New page: 光照构建
[2020.03.12-06.10.32:157][  0]MapCheck: New page: 地图检测
[2020.03.12-06.10.32:157][  0]LightingResults: New page: 光照构建
[2020.03.12-06.10.32:179][  0]LogUObjectHash: Compacting FUObjectHashTables data took   1.38ms
[2020.03.12-06.10.32:234][  0]LogAIModule: Creating AISystem for world ThirdPersonExampleMap
[2020.03.12-06.10.32:243][  0]LogEditorServer: Finished looking for orphan Actors (0.000 secs)
[2020.03.12-06.10.32:266][  0]LogUObjectHash: Compacting FUObjectHashTables data took   1.70ms
[2020.03.12-06.10.32:266][  0]Cmd: MAP CHECKDEP NOCLEARLOG
[2020.03.12-06.10.32:267][  0]MapCheck: 地图检测完成：0个错误，0 个警告，用时0.08毫秒完成。
[2020.03.12-06.10.32:267][  0]LogFileHelpers: Loading map 'ThirdPersonExampleMap' took 0.112
[2020.03.12-06.10.32:355][  0]LogSlate: Updating window title bar state: overlay mode, drag disabled, window buttons hidden, title bar hidden
[2020.03.12-06.10.32:359][  0]LogSlate: Updating window title bar state: overlay mode, drag disabled, window buttons hidden, title bar hidden
[2020.03.12-06.10.32:364][  0]LogSlate: Updating window title bar state: overlay mode, drag disabled, window buttons hidden, title bar hidden
[2020.03.12-06.10.32:371][  0]LogSlate: Updating window title bar state: overlay mode, drag disabled, window buttons hidden, title bar hidden
[2020.03.12-06.10.32:377][  0]LogCollectionManager: Loaded 0 collections in 0.000832 seconds
[2020.03.12-06.10.32:393][  0]LogFileCache: Scanning file cache for directory 'D:/OProjects/AISystem1/Saved/Collections/' took 0.01s
[2020.03.12-06.10.32:395][  0]LogFileCache: Scanning file cache for directory 'D:/OProjects/AISystem1/Content/Developers/wang/Collections/' took 0.00s
[2020.03.12-06.10.32:395][  0]LogFileCache: Scanning file cache for directory 'D:/OProjects/AISystem1/Content/Collections/' took 0.00s
[2020.03.12-06.10.32:395][  0]LogCollectionManager: Rebuilt the GUID cache for 0 collections in 0.000000 seconds
[2020.03.12-06.10.32:402][  0]LogContentBrowser: Native class hierarchy populated in 0.0066 seconds. Added 2734 classes and 661 folders.
[2020.03.12-06.10.32:407][  0]LogContentBrowser: Native class hierarchy updated for 'WidgetCarousel' in 0.0003 seconds. Added 0 classes and 0 folders.
[2020.03.12-06.10.32:408][  0]LogPakFile: Registered encryption key '00000000000000000000000000000000': 0 pak files mounted, 0 remain pending
[2020.03.12-06.10.32:408][  0]LogPakFile: Registered encryption key '00000000000000000000000000000000': 0 pak files mounted, 0 remain pending
[2020.03.12-06.10.32:408][  0]LogPakFile: Registered encryption key '00000000000000000000000000000000': 0 pak files mounted, 0 remain pending
[2020.03.12-06.10.32:408][  0]LogPakFile: Registered encryption key '00000000000000000000000000000000': 0 pak files mounted, 0 remain pending
[2020.03.12-06.10.32:408][  0]LogPakFile: Registered encryption key '00000000000000000000000000000000': 0 pak files mounted, 0 remain pending
[2020.03.12-06.10.32:410][  0]LogPakFile: Registered encryption key '00000000000000000000000000000000': 0 pak files mounted, 0 remain pending
[2020.03.12-06.10.32:410][  0]LogPakFile: Registered encryption key '00000000000000000000000000000000': 0 pak files mounted, 0 remain pending
[2020.03.12-06.10.32:410][  0]LogPakFile: Registered encryption key '00000000000000000000000000000000': 0 pak files mounted, 0 remain pending
[2020.03.12-06.10.32:410][  0]LogPakFile: Registered encryption key '00000000000000000000000000000000': 0 pak files mounted, 0 remain pending
[2020.03.12-06.10.32:411][  0]LogPakFile: Registered encryption key '00000000000000000000000000000000': 0 pak files mounted, 0 remain pending
[2020.03.12-06.10.32:411][  0]LogPakFile: Registered encryption key '00000000000000000000000000000000': 0 pak files mounted, 0 remain pending
[2020.03.12-06.10.32:411][  0]LogPakFile: Registered encryption key '00000000000000000000000000000000': 0 pak files mounted, 0 remain pending
[2020.03.12-06.10.32:412][  0]LogPakFile: Registered encryption key '00000000000000000000000000000000': 0 pak files mounted, 0 remain pending
[2020.03.12-06.10.32:412][  0]LogPakFile: Registered encryption key '00000000000000000000000000000000': 0 pak files mounted, 0 remain pending
[2020.03.12-06.10.32:412][  0]LogPakFile: Registered encryption key '00000000000000000000000000000000': 0 pak files mounted, 0 remain pending
[2020.03.12-06.10.32:413][  0]LogPakFile: Registered encryption key '00000000000000000000000000000000': 0 pak files mounted, 0 remain pending
[2020.03.12-06.10.32:413][  0]LogPakFile: Registered encryption key '00000000000000000000000000000000': 0 pak files mounted, 0 remain pending
[2020.03.12-06.10.32:413][  0]LogPakFile: Registered encryption key '00000000000000000000000000000000': 0 pak files mounted, 0 remain pending
[2020.03.12-06.10.32:414][  0]LogPakFile: Registered encryption key '00000000000000000000000000000000': 0 pak files mounted, 0 remain pending
[2020.03.12-06.10.32:414][  0]LogPakFile: Registered encryption key '00000000000000000000000000000000': 0 pak files mounted, 0 remain pending
[2020.03.12-06.10.32:415][  0]LogPakFile: Registered encryption key '00000000000000000000000000000000': 0 pak files mounted, 0 remain pending
[2020.03.12-06.10.32:415][  0]LogPakFile: Registered encryption key '00000000000000000000000000000000': 0 pak files mounted, 0 remain pending
[2020.03.12-06.10.32:415][  0]LogPakFile: Registered encryption key '00000000000000000000000000000000': 0 pak files mounted, 0 remain pending
[2020.03.12-06.10.32:416][  0]LogPakFile: Registered encryption key '00000000000000000000000000000000': 0 pak files mounted, 0 remain pending
[2020.03.12-06.10.32:416][  0]LogPakFile: Registered encryption key '00000000000000000000000000000000': 0 pak files mounted, 0 remain pending
[2020.03.12-06.10.32:416][  0]LogPakFile: Registered encryption key '00000000000000000000000000000000': 0 pak files mounted, 0 remain pending
[2020.03.12-06.10.32:432][  0]LogContentBrowser: Native class hierarchy updated for 'AddContentDialog' in 0.0003 seconds. Added 0 classes and 0 folders.
[2020.03.12-06.10.32:442][  0]LogContentBrowser: Native class hierarchy updated for 'SceneOutliner' in 0.0003 seconds. Added 1 classes and 2 folders.
[2020.03.12-06.10.32:454][  0]LogContentBrowser: Native class hierarchy updated for 'WorldBrowser' in 0.0003 seconds. Added 2 classes and 3 folders.
[2020.03.12-06.10.32:501][  0]LogSlate: Took 0.000116 seconds to synchronously load lazily loaded font '../../../Engine/Content/Slate/Fonts/Roboto-Regular.ttf' (155K)
[2020.03.12-06.10.32:502][  0]LogSlate: Took 0.001373 seconds to synchronously load lazily loaded font '../../../Engine/Content/Slate/Fonts/DroidSansFallback.ttf' (3848K)
[2020.03.12-06.10.32:503][  0]LogSlate: Took 0.000094 seconds to synchronously load lazily loaded font '../../../Engine/Content/Slate/Fonts/Roboto-Bold.ttf' (160K)
[2020.03.12-06.10.32:506][  0]LogSlate: Took 0.000082 seconds to synchronously load lazily loaded font '../../../Engine/Content/Editor/Slate/Fonts/FontAwesome.ttf' (139K)
[2020.03.12-06.10.32:549][  0]LogRenderer: Reallocating scene render targets to support 1056x544 Format 10 NumSamples 1 (Frame:1).
[2020.03.12-06.10.32:685][  0]LogContentBrowser: Native class hierarchy updated for 'HierarchicalLODOutliner' in 0.0003 seconds. Added 0 classes and 0 folders.
[2020.03.12-06.10.32:685][  0]LogLoad: (Engine Initialization) Total time: 7.50 seconds
[2020.03.12-06.10.32:685][  0]LogLoad: (Engine Initialization) Total Blueprint compile time: 0.00 seconds
[2020.03.12-06.10.32:714][  0]LogAssetRegistry: Asset discovery search completed in 4.4180 seconds
[2020.03.12-06.10.32:716][  0]LogCollectionManager: Rebuilt the object cache for 0 collections in 0.000000 seconds (found 0 objects)
[2020.03.12-06.10.32:716][  0]LogCollectionManager: Fixed up redirectors for 0 collections in 0.000104 seconds (updated 0 objects)
[2020.03.12-06.10.32:717][  0]LogContentStreaming: Texture pool size now 1000 MB
[2020.03.12-06.10.32:744][  0]LogSlate: Took 0.000106 seconds to synchronously load lazily loaded font '../../../Engine/Content/Slate/Fonts/Roboto-Light.ttf' (167K)
[2020.03.12-06.12.12:948][468]LogSlate: FSceneViewport::OnFocusLost() reason 0
[2020.03.12-06.12.13:057][481]LogTemp: Repeating last play command: 选中的视口
[2020.03.12-06.12.13:065][481]LogBlueprintUserMessages: Early PlayInEditor Detection: Level '/Game/ThirdPersonCPP/Maps/ThirdPersonExampleMap.ThirdPersonExampleMap:PersistentLevel' has LevelScriptBlueprint '/Game/ThirdPersonCPP/Maps/ThirdPersonExampleMap.ThirdPersonExampleMap:PersistentLevel.ThirdPersonExampleMap' with GeneratedClass '/Game/ThirdPersonCPP/Maps/ThirdPersonExampleMap.ThirdPersonExampleMap_C' with ClassGeneratedBy '/Game/ThirdPersonCPP/Maps/ThirdPersonExampleMap.ThirdPersonExampleMap:PersistentLevel.ThirdPersonExampleMap'
[2020.03.12-06.12.13:065][481]LogPlayLevel: PlayLevel: No blueprints needed recompiling
[2020.03.12-06.12.13:066][481]PIE: New page: PIE会话: ThirdPersonExampleMap (2020年3月12日 下午10:12:13)
[2020.03.12-06.12.13:079][481]LogPlayLevel: Creating play world package: /Game/ThirdPersonCPP/Maps/UEDPIE_1_ThirdPersonExampleMap
[2020.03.12-06.12.13:091][481]LogPlayLevel: PIE: StaticDuplicateObject took: (0.011143s)
[2020.03.12-06.12.13:091][481]LogAIModule: Creating AISystem for world ThirdPersonExampleMap
[2020.03.12-06.12.13:092][481]LogPlayLevel: PIE: World Init took: (0.001205s)
[2020.03.12-06.12.13:092][481]LogPlayLevel: PIE: Created PIE world by copying editor world from /Game/ThirdPersonCPP/Maps/ThirdPersonExampleMap.ThirdPersonExampleMap to /Game/ThirdPersonCPP/Maps/UEDPIE_1_ThirdPersonExampleMap.ThirdPersonExampleMap (0.013031s)
[2020.03.12-06.12.13:112][481]LogUObjectHash: Compacting FUObjectHashTables data took   0.85ms
[2020.03.12-06.12.13:125][481]LogLoad: Game class is 'AISystem1GameMode'
[2020.03.12-06.12.13:127][481]LogWorld: Bringing World /Game/ThirdPersonCPP/Maps/UEDPIE_1_ThirdPersonExampleMap.ThirdPersonExampleMap up for play (max tick rate 0) at 2020.03.12-14.12.13
[2020.03.12-06.12.13:128][481]LogWorld: Bringing up level for play took: 0.001387
[2020.03.12-06.12.13:128][481]LogTemp: Display: ParseSettings for GameNetDriver
[2020.03.12-06.12.13:128][481]LogTemp: Display: ParseSettings for IpNetDriver_0
[2020.03.12-06.12.13:128][481]LogTemp: Display: ParseSettings for GameNetDriver
[2020.03.12-06.12.13:128][481]LogNet: ReplicationDriverClass is null! Not using ReplicationDriver.
[2020.03.12-06.12.13:128][481]PacketHandlerLog: DDoS detection status: detection enabled: 0 analytics enabled: 0
[2020.03.12-06.12.13:128][481]LogInit: WinSock: Socket queue 131072 / 131072
[2020.03.12-06.12.13:129][481]LogInit: WinSock: I am DESKTOP-79C879U (10.0.1.41:0)
[2020.03.12-06.12.13:129][481]PacketHandlerLog: Loaded PacketHandler component: Engine.EngineHandlerComponentFactory (StatelessConnectHandlerComponent)
[2020.03.12-06.12.13:129][481]LogNet: GameNetDriver IpNetDriver_0 IpNetDriver listening on port 17777
[2020.03.12-06.12.13:129][481]LogTemp: Warning: NameTree: Selector, index: 0
[2020.03.12-06.12.13:129][481]LogTemp: Warning: NameTree: ActionWalk, index: 0
[2020.03.12-06.12.13:129][481]PIE: /Game/ThirdPersonCPP/Maps/UEDPIE_1_ThirdPersonExampleMap的‘在编辑器中播放’的起始时间-0.915
[2020.03.12-06.12.13:139][481]LogInit: XAudio2 using '扬声器 (Realtek(R) Audio)' : 2 channels at 48 kHz using 32 bits per sample (channel mask 0x3)
[2020.03.12-06.12.13:151][481]LogInit: FAudioDevice initialized.
[2020.03.12-06.12.13:183][481]LogNet: Browse: 127.0.0.1:17777//Game/ThirdPersonCPP/Maps/ThirdPersonExampleMap
[2020.03.12-06.12.13:184][481]LogTemp: Display: ParseSettings for GameNetDriver
[2020.03.12-06.12.13:184][481]LogTemp: Display: ParseSettings for IpNetDriver_1
[2020.03.12-06.12.13:184][481]LogTemp: Display: ParseSettings for PendingNetDriver
[2020.03.12-06.12.13:184][481]LogInit: WinSock: Socket queue 32768 / 32768
[2020.03.12-06.12.13:184][481]PacketHandlerLog: Loaded PacketHandler component: Engine.EngineHandlerComponentFactory (StatelessConnectHandlerComponent)
[2020.03.12-06.12.13:185][481]LogNet: Game client on port 17777, rate 10000
[2020.03.12-06.12.13:185][481]PIE: /Game/ThirdPersonCPP/Maps/ThirdPersonExampleMap的‘在编辑器中播放’的起始时间-0.859
[2020.03.12-06.12.13:186][481]LogBlueprintUserMessages: Late PlayInEditor Detection: Level '/Game/ThirdPersonCPP/Maps/ThirdPersonExampleMap.ThirdPersonExampleMap:PersistentLevel' has LevelScriptBlueprint '/Game/ThirdPersonCPP/Maps/ThirdPersonExampleMap.ThirdPersonExampleMap:PersistentLevel.ThirdPersonExampleMap' with GeneratedClass '/Game/ThirdPersonCPP/Maps/ThirdPersonExampleMap.ThirdPersonExampleMap_C' with ClassGeneratedBy '/Game/ThirdPersonCPP/Maps/ThirdPersonExampleMap.ThirdPersonExampleMap:PersistentLevel.ThirdPersonExampleMap'
[2020.03.12-06.12.13:186][481]LogNet: NotifyAcceptingConnection accepted from: 127.0.0.1:53195
[2020.03.12-06.12.13:186][481]LogHandshake: SendConnectChallenge. Timestamp: 0.008334, Cookie: 040157045089252191183216017067087109085196216158112129016174
[2020.03.12-06.12.13:208][481]LogHandshake: SendChallengeResponse. Timestamp: 0.008334, Cookie: 040157045089252191183216017067087109085196216158112129016174
[2020.03.12-06.12.13:249][482]LogNet: NotifyAcceptingConnection accepted from: 127.0.0.1:53195
[2020.03.12-06.12.13:249][482]LogHandshake: SendChallengeAck. InCookie: 040157045089252191183216017067087109085196216158112129016174
[2020.03.12-06.12.13:249][482]LogNet: Server accepting post-challenge connection from: 127.0.0.1:53195
[2020.03.12-06.12.13:250][482]PacketHandlerLog: Loaded PacketHandler component: Engine.EngineHandlerComponentFactory (StatelessConnectHandlerComponent)
[2020.03.12-06.12.13:250][482]LogNet: NotifyAcceptedConnection: Name: ThirdPersonExampleMap, TimeStamp: 03/12/20 14:12:13, [UNetConnection] RemoteAddr: 127.0.0.1:53195, Name: IpConnection_1, Driver: GameNetDriver IpNetDriver_0, IsServer: YES, PC: NULL, Owner: NULL, UniqueId: INVALID
[2020.03.12-06.12.13:250][482]LogNet: AddClientConnection: Added client connection: [UNetConnection] RemoteAddr: 127.0.0.1:53195, Name: IpConnection_1, Driver: GameNetDriver IpNetDriver_0, IsServer: YES, PC: NULL, Owner: NULL, UniqueId: INVALID
[2020.03.12-06.12.13:251][482]LogNetVersion: AISystem1 1.0.0.0, NetCL: 5660361, EngineNetVer: 10, GameNetVer: 0 (Checksum: 708271763)
[2020.03.12-06.12.13:251][482]LogNet: UPendingNetGame::SendInitialJoin: Sending hello. [UNetConnection] RemoteAddr: 127.0.0.1:17777, Name: IpConnection_0, Driver: PendingNetDriver IpNetDriver_1, IsServer: NO, PC: NULL, Owner: NULL, UniqueId: INVALID
[2020.03.12-06.12.13:257][483]LogNet: NotifyAcceptingChannel Control 0 server World /Game/ThirdPersonCPP/Maps/UEDPIE_1_ThirdPersonExampleMap.ThirdPersonExampleMap: Accepted
[2020.03.12-06.12.13:257][483]LogNet: Remote platform little endian=1
[2020.03.12-06.12.13:257][483]LogNet: This platform little endian=1
[2020.03.12-06.12.13:274][484]LogNet: Login request: /Game/ThirdPersonCPP/Maps/ThirdPersonExampleMap?Name=DESKTOP-79C879U-7E9FB6E44987D1B681BBA2A58600AC5C userId: NULL:DESKTOP-79C879U-7E9FB6E44987D1B681BBA2A58600AC5C platform: NULL
[2020.03.12-06.12.13:275][484]LogNet: Welcomed by server (Level: /Game/ThirdPersonCPP/Maps/UEDPIE_1_ThirdPersonExampleMap, Game: /Script/AISystem1.AISystem1GameMode)
[2020.03.12-06.12.13:276][484]LogLoad: LoadMap: 127.0.0.1:17777//Game/ThirdPersonCPP/Maps/UEDPIE_1_ThirdPersonExampleMap?game=/Script/AISystem1.AISystem1GameMode
[2020.03.12-06.12.13:297][484]LogUObjectHash: Compacting FUObjectHashTables data took   1.08ms
[2020.03.12-06.12.13:306][484]LogAIModule: Creating AISystem for world ThirdPersonExampleMap
[2020.03.12-06.12.13:307][484]LogTemp: Display: ParseSettings for GameNetDriver
[2020.03.12-06.12.13:309][484]LogWorld: Bringing World /Game/ThirdPersonCPP/Maps/UEDPIE_2_ThirdPersonExampleMap.ThirdPersonExampleMap up for play (max tick rate 0) at 2020.03.12-14.12.13
[2020.03.12-06.12.13:309][484]LogWorld: Bringing up level for play took: 0.001674
[2020.03.12-06.12.13:310][484]LogLoad: Took 0.033807 seconds to LoadMap(/Game/ThirdPersonCPP/Maps/UEDPIE_1_ThirdPersonExampleMap)
[2020.03.12-06.12.13:315][485]LogNet: Client netspeed is 10000
[2020.03.12-06.12.13:315][485]LogNet: Join request: /Game/ThirdPersonCPP/Maps/ThirdPersonExampleMap?Name=DESKTOP-79C879U-7E9FB6E44987D1B681BBA2A58600AC5C?SplitscreenCount=1
[2020.03.12-06.12.13:315][485]LogOnlineSession: Warning: OSS: No game present to join for session (GameSession)
[2020.03.12-06.12.13:317][485]LogNet: Join succeeded: DESKTOP-79C879U-7E9F
[2020.03.12-06.12.13:369][488]LogOnlineSession: Warning: OSS: No game present to join for session (GameSession)
[2020.03.12-06.12.15:056][687]LogTemp: Warning: Walk Arrived~
[2020.03.12-06.12.17:056][927]LogTemp: Warning: Walk Arrived~
[2020.03.12-06.12.19:057][167]LogTemp: Warning: Walk Arrived~
[2020.03.12-06.12.21:056][407]LogTemp: Warning: Walk Arrived~
[2020.03.12-06.12.23:056][647]LogTemp: Warning: Walk Arrived~
[2020.03.12-06.12.25:056][887]LogTemp: Warning: Walk Arrived~
[2020.03.12-06.12.27:057][127]LogTemp: Warning: Walk Arrived~
[2020.03.12-06.12.29:057][367]LogTemp: Warning: Walk Arrived~
[2020.03.12-06.12.31:058][607]LogTemp: Warning: Walk Arrived~
[2020.03.12-06.12.33:057][847]LogTemp: Warning: Walk Arrived~
[2020.03.12-06.12.35:057][ 87]LogTemp: Warning: Walk Arrived~
[2020.03.12-06.12.37:057][327]LogTemp: Warning: Walk Arrived~
[2020.03.12-06.12.39:058][567]LogTemp: Warning: Walk Arrived~
[2020.03.12-06.12.41:058][807]LogTemp: Warning: Walk Arrived~
[2020.03.12-06.12.43:057][ 47]LogTemp: Warning: Walk Arrived~
[2020.03.12-06.12.45:386][247]LogTemp: Warning: Walk Arrived~
[2020.03.12-06.12.47:398][253]LogTemp: Warning: Walk Arrived~
[2020.03.12-06.12.49:407][259]LogTemp: Warning: Walk Arrived~
[2020.03.12-06.12.51:422][265]LogTemp: Warning: Walk Arrived~
[2020.03.12-06.12.53:434][271]LogTemp: Warning: Walk Arrived~
[2020.03.12-06.12.55:435][277]LogTemp: Warning: Walk Arrived~
[2020.03.12-06.12.57:442][283]LogTemp: Warning: Walk Arrived~
[2020.03.12-06.12.59:449][289]LogTemp: Warning: Walk Arrived~
[2020.03.12-06.13.01:455][295]LogTemp: Warning: Walk Arrived~
[2020.03.12-06.13.03:458][301]LogTemp: Warning: Walk Arrived~
[2020.03.12-06.13.05:463][307]LogTemp: Warning: Walk Arrived~
[2020.03.12-06.13.07:477][313]LogTemp: Warning: Walk Arrived~
[2020.03.12-06.13.09:481][319]LogTemp: Warning: Walk Arrived~
[2020.03.12-06.13.11:487][325]LogTemp: Warning: Walk Arrived~
[2020.03.12-06.13.13:500][331]LogTemp: Warning: Walk Arrived~
[2020.03.12-06.13.15:502][337]LogTemp: Warning: Walk Arrived~
[2020.03.12-06.13.17:515][343]LogTemp: Warning: Walk Arrived~
[2020.03.12-06.13.19:530][349]LogTemp: Warning: Walk Arrived~
[2020.03.12-06.13.21:542][355]LogTemp: Warning: Walk Arrived~
[2020.03.12-06.13.23:551][361]LogTemp: Warning: Walk Arrived~
[2020.03.12-06.13.25:563][367]LogTemp: Warning: Walk Arrived~
[2020.03.12-06.13.27:568][373]LogTemp: Warning: Walk Arrived~
[2020.03.12-06.13.29:577][379]LogTemp: Warning: Walk Arrived~
[2020.03.12-06.13.31:585][385]LogTemp: Warning: Walk Arrived~
[2020.03.12-06.13.33:593][391]LogTemp: Warning: Walk Arrived~
[2020.03.12-06.13.35:610][397]LogTemp: Warning: Walk Arrived~
[2020.03.12-06.13.37:624][403]LogTemp: Warning: Walk Arrived~
[2020.03.12-06.13.39:630][409]LogTemp: Warning: Walk Arrived~
[2020.03.12-06.13.41:634][415]LogTemp: Warning: Walk Arrived~
[2020.03.12-06.13.43:644][421]LogTemp: Warning: Walk Arrived~
[2020.03.12-06.13.45:658][427]LogTemp: Warning: Walk Arrived~
[2020.03.12-06.13.47:666][433]LogTemp: Warning: Walk Arrived~
[2020.03.12-06.13.49:674][439]LogTemp: Warning: Walk Arrived~
[2020.03.12-06.13.51:677][445]LogTemp: Warning: Walk Arrived~
[2020.03.12-06.13.53:682][451]LogTemp: Warning: Walk Arrived~
[2020.03.12-06.13.55:692][457]LogTemp: Warning: Walk Arrived~
[2020.03.12-06.13.57:706][463]LogTemp: Warning: Walk Arrived~
[2020.03.12-06.13.59:716][469]LogTemp: Warning: Walk Arrived~
[2020.03.12-06.14.01:722][475]LogTemp: Warning: Walk Arrived~
[2020.03.12-06.14.03:737][481]LogTemp: Warning: Walk Arrived~
[2020.03.12-06.14.05:744][487]LogTemp: Warning: Walk Arrived~
[2020.03.12-06.14.07:761][493]LogTemp: Warning: Walk Arrived~
[2020.03.12-06.14.09:765][499]LogTemp: Warning: Walk Arrived~
[2020.03.12-06.14.11:784][505]LogTemp: Warning: Walk Arrived~
[2020.03.12-06.14.13:797][511]LogTemp: Warning: Walk Arrived~
[2020.03.12-06.14.15:794][704]LogTemp: Warning: Walk Arrived~
[2020.03.12-06.14.17:801][944]LogTemp: Warning: Walk Arrived~
[2020.03.12-06.14.19:801][184]LogTemp: Warning: Walk Arrived~
[2020.03.12-06.14.21:802][424]LogTemp: Warning: Walk Arrived~
[2020.03.12-06.14.23:802][664]LogTemp: Warning: Walk Arrived~
[2020.03.12-06.14.25:802][904]LogTemp: Warning: Walk Arrived~
[2020.03.12-06.14.27:802][144]LogTemp: Warning: Walk Arrived~
[2020.03.12-06.14.29:802][384]LogTemp: Warning: Walk Arrived~
[2020.03.12-06.14.31:802][624]LogTemp: Warning: Walk Arrived~
[2020.03.12-06.14.33:803][864]LogTemp: Warning: Walk Arrived~
[2020.03.12-06.14.35:802][104]LogTemp: Warning: Walk Arrived~
[2020.03.12-06.14.37:803][344]LogTemp: Warning: Walk Arrived~
[2020.03.12-06.14.39:803][584]LogTemp: Warning: Walk Arrived~
[2020.03.12-06.14.41:803][824]LogTemp: Warning: Walk Arrived~
[2020.03.12-06.14.43:803][ 64]LogTemp: Warning: Walk Arrived~
[2020.03.12-06.14.45:803][304]LogTemp: Warning: Walk Arrived~
[2020.03.12-06.14.47:805][544]LogTemp: Warning: Walk Arrived~
[2020.03.12-06.14.49:804][784]LogTemp: Warning: Walk Arrived~
[2020.03.12-06.14.51:804][ 24]LogTemp: Warning: Walk Arrived~
[2020.03.12-06.14.54:007][248]LogTemp: Warning: Walk Arrived~
[2020.03.12-06.14.56:016][254]LogTemp: Warning: Walk Arrived~
[2020.03.12-06.14.57:128][267]LogBlueprintUserMessages: Early EndPlayMap Detection: Level '/Game/ThirdPersonCPP/Maps/ThirdPersonExampleMap.ThirdPersonExampleMap:PersistentLevel' has LevelScriptBlueprint '/Game/ThirdPersonCPP/Maps/ThirdPersonExampleMap.ThirdPersonExampleMap:PersistentLevel.ThirdPersonExampleMap' with GeneratedClass '/Game/ThirdPersonCPP/Maps/ThirdPersonExampleMap.ThirdPersonExampleMap_C' with ClassGeneratedBy '/Game/ThirdPersonCPP/Maps/ThirdPersonExampleMap.ThirdPersonExampleMap:PersistentLevel.ThirdPersonExampleMap'
[2020.03.12-06.14.57:129][267]LogSlate: Updating window title bar state: overlay mode, drag disabled, window buttons hidden, title bar hidden
[2020.03.12-06.14.57:175][267]LogNet: World NetDriver shutdown IpNetDriver_1 [GameNetDriver]
[2020.03.12-06.14.57:175][267]LogNet: DestroyNamedNetDriver IpNetDriver_1 [GameNetDriver]
[2020.03.12-06.14.57:175][267]LogNet: UNetConnection::Close: [UNetConnection] RemoteAddr: 127.0.0.1:17777, Name: IpConnection_0, Driver: GameNetDriver IpNetDriver_1, IsServer: NO, PC: PlayerController_1, Owner: PlayerController_1, UniqueId: NULL:DESKTOP-79C879U-7E9FB6E44987D1B681BBA2A58600AC5C, Channels: 10, Time: 2020.03.12-06.14.57
[2020.03.12-06.14.57:175][267]LogNet: UChannel::Close: Sending CloseBunch. ChIndex == 0. Name: [UChannel] ChIndex: 0, Closing: 0 [UNetConnection] RemoteAddr: 127.0.0.1:17777, Name: IpConnection_0, Driver: GameNetDriver IpNetDriver_1, IsServer: NO, PC: PlayerController_1, Owner: PlayerController_1, UniqueId: NULL:DESKTOP-79C879U-7E9FB6E44987D1B681BBA2A58600AC5C
[2020.03.12-06.14.57:176][267]LogExit: GameNetDriver IpNetDriver_1 shut down
[2020.03.12-06.14.57:177][267]LogNet: World NetDriver shutdown IpNetDriver_0 [GameNetDriver]
[2020.03.12-06.14.57:177][267]LogNet: DestroyNamedNetDriver IpNetDriver_0 [GameNetDriver]
[2020.03.12-06.14.57:178][267]LogNet: UNetConnection::Cleanup: Closing open connection. [UNetConnection] RemoteAddr: 127.0.0.1:53195, Name: IpConnection_1, Driver: GameNetDriver IpNetDriver_0, IsServer: YES, PC: PlayerController_0, Owner: PlayerController_0, UniqueId: NULL:DESKTOP-79C879U-7E9FB6E44987D1B681BBA2A58600AC5C
[2020.03.12-06.14.57:178][267]LogNet: UNetConnection::Close: [UNetConnection] RemoteAddr: 127.0.0.1:53195, Name: IpConnection_1, Driver: GameNetDriver IpNetDriver_0, IsServer: YES, PC: PlayerController_0, Owner: PlayerController_0, UniqueId: NULL:DESKTOP-79C879U-7E9FB6E44987D1B681BBA2A58600AC5C, Channels: 10, Time: 2020.03.12-06.14.57
[2020.03.12-06.14.57:178][267]LogNet: UChannel::Close: Sending CloseBunch. ChIndex == 0. Name: [UChannel] ChIndex: 0, Closing: 0 [UNetConnection] RemoteAddr: 127.0.0.1:53195, Name: IpConnection_1, Driver: GameNetDriver IpNetDriver_0, IsServer: YES, PC: PlayerController_0, Owner: PlayerController_0, UniqueId: NULL:DESKTOP-79C879U-7E9FB6E44987D1B681BBA2A58600AC5C
[2020.03.12-06.14.57:178][267]LogExit: GameNetDriver IpNetDriver_0 shut down
[2020.03.12-06.14.57:179][267]LogPlayLevel: Display: Shutting down PIE online subsystems
[2020.03.12-06.14.57:179][267]LogBlueprintUserMessages: Late EndPlayMap Detection: Level '/Game/ThirdPersonCPP/Maps/ThirdPersonExampleMap.ThirdPersonExampleMap:PersistentLevel' has LevelScriptBlueprint '/Game/ThirdPersonCPP/Maps/ThirdPersonExampleMap.ThirdPersonExampleMap:PersistentLevel.ThirdPersonExampleMap' with GeneratedClass '/Game/ThirdPersonCPP/Maps/ThirdPersonExampleMap.ThirdPersonExampleMap_C' with ClassGeneratedBy '/Game/ThirdPersonCPP/Maps/ThirdPersonExampleMap.ThirdPersonExampleMap:PersistentLevel.ThirdPersonExampleMap'
[2020.03.12-06.14.57:204][267]LogSlate: Updating window title bar state: overlay mode, drag disabled, window buttons hidden, title bar hidden
[2020.03.12-06.14.57:207][267]LogUObjectHash: Compacting FUObjectHashTables data took   1.10ms
[2020.03.12-06.14.57:231][268]LogPlayLevel: Display: Destroying online subsystem :Context_2
[2020.03.12-06.14.57:231][268]LogPlayLevel: Display: Destroying online subsystem :Context_1
